SF:/home/jpfeiffer/Source/Synacor/cs/syncomp/src/Lexer/Grammar.cs
FN:43,System.Void syncomp.Grammar::.cctor()
FNDA:0,System.Void syncomp.Grammar::.cctor()
DA:44,0
DA:45,0
DA:46,0
DA:47,0
DA:48,0
DA:49,0
DA:50,0
DA:51,0
DA:52,0
DA:53,0
DA:54,0
DA:55,0
DA:56,0
DA:57,0
DA:58,0
DA:59,0
DA:60,0
DA:61,0
DA:62,0
DA:63,0
DA:64,0
DA:65,0
DA:66,0
DA:67,0
DA:68,0
DA:69,0
DA:70,0
DA:71,0
DA:72,0
DA:73,0
DA:74,0
DA:75,0
DA:76,0
DA:77,0
DA:78,0
DA:79,0
DA:80,0
DA:81,0
DA:82,0
DA:83,0
DA:84,0
DA:85,0
DA:86,0
DA:87,0
DA:88,0
DA:89,0
DA:90,0
DA:91,0
DA:92,0
DA:93,0
DA:94,0
DA:95,0
DA:96,0
DA:97,0
DA:98,0
DA:99,0
DA:100,0
DA:101,0
DA:102,0
DA:103,0
DA:104,0
DA:105,0
DA:106,0
DA:107,0
DA:108,0
DA:109,0
DA:110,0
DA:111,0
DA:112,0
DA:113,0
DA:114,0
DA:115,0
DA:116,0
DA:117,0
DA:118,0
DA:119,0
DA:120,0
DA:121,0
DA:122,0
DA:123,0
DA:124,0
DA:125,0
DA:126,0
DA:127,0
DA:128,0
DA:129,0
DA:130,0
DA:131,0
DA:132,0
DA:133,0
DA:134,0
DA:135,0
DA:136,0
DA:137,0
DA:138,0
DA:139,0
DA:140,0
DA:141,0
DA:142,0
DA:143,0
DA:144,0
DA:145,0
DA:146,0
DA:147,0
DA:148,0
DA:149,0
DA:150,0
DA:151,0
DA:152,0
DA:153,0
DA:154,0
DA:155,0
DA:156,0
DA:157,0
DA:158,0
DA:159,0
DA:160,0
DA:161,0
DA:162,0
DA:163,0
DA:164,0
DA:165,0
DA:166,0
DA:167,0
DA:168,0
DA:169,0
DA:170,0
DA:171,0
DA:172,0
DA:173,0
DA:174,0
DA:175,0
DA:176,0
DA:177,0
DA:178,0
DA:179,0
DA:180,0
DA:181,0
DA:182,0
DA:183,0
DA:184,0
DA:185,0
DA:186,0
DA:187,0
DA:188,0
DA:189,0
DA:190,0
DA:191,0
DA:192,0
DA:193,0
DA:194,0
DA:195,0
DA:196,0
DA:197,0
DA:198,0
DA:199,0
DA:200,0
DA:201,0
DA:202,0
DA:203,0
DA:204,0
DA:205,0
DA:206,0
DA:207,0
DA:208,0
DA:209,0
DA:210,0
DA:211,0
DA:212,0
LF:169
LH:0
BRF:0
BRH:0
FNF:1
FNH:0
end_of_record
SF:/home/jpfeiffer/Source/Synacor/cs/syncomp/src/Lexer/Lexer.cs
FN:26,System.ValueTuple`2<System.Collections.Generic.List`1<syncomp.SyntaxToken>,System.Collections.Generic.List`1<System.String>> syncomp.Lexer::Lex()
FNDA:0,System.ValueTuple`2<System.Collections.Generic.List`1<syncomp.SyntaxToken>,System.Collections.Generic.List`1<System.String>> syncomp.Lexer::Lex()
DA:27,0
DA:28,0
DA:29,0
DA:30,0
DA:31,0
DA:33,0
DA:34,0
DA:35,0
DA:36,0
DA:37,0
DA:39,0
DA:40,0
DA:41,0
DA:42,0
DA:43,0
DA:44,0
DA:45,0
DA:46,0
DA:47,0
DA:48,0
DA:50,0
DA:51,0
DA:52,0
DA:53,0
DA:54,0
DA:55,0
DA:56,0
DA:57,0
DA:59,0
DA:60,0
DA:61,0
DA:63,0
DA:64,0
DA:65,0
DA:66,0
DA:67,0
DA:68,0
DA:69,0
DA:70,0
DA:71,0
DA:72,0
DA:73,0
DA:74,0
DA:75,0
DA:76,0
DA:77,0
DA:78,0
DA:80,0
DA:81,0
DA:82,0
DA:83,0
DA:85,0
DA:86,0
DA:87,0
DA:88,0
DA:89,0
DA:90,0
DA:91,0
DA:92,0
DA:93,0
DA:94,0
DA:95,0
DA:96,0
DA:97,0
BRDA:33,40,0,0
BRDA:33,40,1,0
BRDA:39,369,1,0
BRDA:42,342,1,0
BRDA:46,137,0,0
BRDA:46,137,1,0
BRDA:47,152,0,0
BRDA:47,152,1,0
BRDA:50,178,0,0
BRDA:50,178,1,0
BRDA:54,199,0,0
BRDA:54,199,1,0
BRDA:63,216,0,0
BRDA:63,221,0,0
BRDA:63,216,1,0
BRDA:63,221,1,0
BRDA:63,243,0,0
BRDA:67,259,0,0
BRDA:67,259,1,0
BRDA:63,243,1,0
BRDA:42,342,0,0
BRDA:39,369,0,0
BRDA:85,387,0,0
BRDA:85,387,1,0
FN:99,System.Boolean syncomp.Lexer::isNumberChar(System.String)
FNDA:0,System.Boolean syncomp.Lexer::isNumberChar(System.String)
DA:100,0
DA:101,0
DA:102,0
FN:104,System.Boolean syncomp.Lexer::isWordChar(System.String)
FNDA:0,System.Boolean syncomp.Lexer::isWordChar(System.String)
DA:105,0
DA:106,0
DA:107,0
FN:109,System.Collections.Generic.List`1<syncomp.SyntaxToken> syncomp.Lexer::AggregateLikeTokens(System.Collections.Generic.List`1<syncomp.SyntaxToken>)
FNDA:0,System.Collections.Generic.List`1<syncomp.SyntaxToken> syncomp.Lexer::AggregateLikeTokens(System.Collections.Generic.List`1<syncomp.SyntaxToken>)
DA:110,0
DA:111,0
DA:113,0
DA:114,0
DA:115,0
DA:117,0
DA:118,0
DA:119,0
DA:120,0
DA:121,0
DA:122,0
DA:123,0
DA:124,0
DA:125,0
DA:126,0
DA:128,0
DA:129,0
DA:130,0
DA:131,0
DA:132,0
DA:133,0
DA:134,0
DA:135,0
DA:136,0
DA:137,0
DA:138,0
DA:139,0
DA:140,0
DA:141,0
DA:143,0
DA:144,0
BRDA:111,12,0,0
BRDA:111,12,1,0
BRDA:113,318,1,0
BRDA:117,282,1,0
BRDA:119,88,0,0
BRDA:119,88,1,0
BRDA:119,119,0,0
BRDA:121,155,0,0
BRDA:121,155,1,0
BRDA:128,210,0,0
BRDA:128,210,1,0
BRDA:119,119,1,0
BRDA:117,282,0,0
BRDA:113,318,0,0
FN:20,System.Void syncomp.Lexer::.ctor(System.String)
FNDA:0,System.Void syncomp.Lexer::.ctor(System.String)
DA:21,0
DA:22,0
DA:23,0
DA:24,0
LF:105
LH:0
BRF:38
BRH:0
FNF:5
FNH:0
end_of_record
SF:/home/jpfeiffer/Source/Synacor/cs/syncomp/src/Lexer/SyntaxToken.cs
FN:4,System.String syncomp.SyntaxToken::get_Token()
FNDA:642,System.String syncomp.SyntaxToken::get_Token()
DA:5,642
FN:5,syncomp.SyntaxTokenType syncomp.SyntaxToken::get_Type()
FNDA:6403,syncomp.SyntaxTokenType syncomp.SyntaxToken::get_Type()
DA:6,6403
FN:6,System.Int32 syncomp.SyntaxToken::get_Index()
FNDA:0,System.Int32 syncomp.SyntaxToken::get_Index()
DA:7,0
FN:7,System.Int32 syncomp.SyntaxToken::get_Line()
FNDA:0,System.Int32 syncomp.SyntaxToken::get_Line()
DA:8,0
FN:8,System.String syncomp.SyntaxToken::get_File()
FNDA:0,System.String syncomp.SyntaxToken::get_File()
DA:9,0
FN:9,System.Void syncomp.SyntaxToken::.ctor()
FNDA:1206,System.Void syncomp.SyntaxToken::.ctor()
DA:10,1206
FN:10,System.Void syncomp.SyntaxToken::.ctor(System.String)
FNDA:0,System.Void syncomp.SyntaxToken::.ctor(System.String)
DA:11,0
DA:12,0
DA:13,0
DA:14,0
DA:15,0
DA:16,0
DA:17,0
BRDA:14,58,0,0
BRDA:14,58,1,0
LF:13
LH:3
BRF:2
BRH:0
FNF:7
FNH:3
end_of_record
SF:/home/jpfeiffer/Source/Synacor/cs/syncomp/src/ListExtentions.cs
FN:7,T syncomp.ListExtentions::Pop(System.Collections.Generic.List`1<T>)
FNDA:64,T syncomp.ListExtentions::Pop(System.Collections.Generic.List`1<T>)
DA:8,64
DA:9,64
DA:10,64
DA:11,64
DA:12,64
DA:13,64
DA:14,64
DA:17,0
DA:18,0
DA:21,64
BRDA:10,14,0,64
BRDA:10,14,1,0
FN:24,System.Collections.Generic.List`1<T> syncomp.ListExtentions::Splice(System.Collections.Generic.List`1<T>,System.Int32,System.Int32,System.Collections.Generic.List`1<T>)
FNDA:0,System.Collections.Generic.List`1<T> syncomp.ListExtentions::Splice(System.Collections.Generic.List`1<T>,System.Int32,System.Int32,System.Collections.Generic.List`1<T>)
DA:25,0
DA:26,0
DA:27,0
DA:29,0
DA:30,0
LF:15
LH:8
BRF:2
BRH:1
FNF:2
FNH:1
end_of_record
SF:/home/jpfeiffer/Source/Synacor/cs/syncomp/src/Parser/AstNode.cs
FN:4,System.String syncomp.AstNode::get_Type()
FNDA:455,System.String syncomp.AstNode::get_Type()
DA:5,455
FN:6,System.Void syncomp.AstNode::.ctor(System.String)
FNDA:455,System.Void syncomp.AstNode::.ctor(System.String)
DA:7,455
DA:8,455
DA:9,455
DA:10,455
LF:5
LH:5
BRF:0
BRH:0
FNF:2
FNH:2
end_of_record
SF:/home/jpfeiffer/Source/Synacor/cs/syncomp/src/Parser/Nodes/Addition.cs
FN:10,syncomp.AstNode syncomp.Addition::get_Left()
FNDA:3,syncomp.AstNode syncomp.Addition::get_Left()
DA:11,3
FN:11,syncomp.AstNode syncomp.Addition::get_Right()
FNDA:3,syncomp.AstNode syncomp.Addition::get_Right()
DA:12,3
FN:4,System.Void syncomp.Addition::.ctor(syncomp.AstNode,syncomp.AstNode)
FNDA:6,System.Void syncomp.Addition::.ctor(syncomp.AstNode,syncomp.AstNode)
DA:5,6
DA:6,6
DA:7,6
DA:8,6
DA:9,6
LF:7
LH:7
BRF:0
BRH:0
FNF:3
FNH:3
end_of_record
SF:/home/jpfeiffer/Source/Synacor/cs/syncomp/src/Parser/Nodes/AddressOf.cs
FN:9,syncomp.AstNode syncomp.AddressOf::get_Parameter()
FNDA:2,syncomp.AstNode syncomp.AddressOf::get_Parameter()
DA:10,2
FN:4,System.Void syncomp.AddressOf::.ctor(syncomp.AstNode)
FNDA:4,System.Void syncomp.AddressOf::.ctor(syncomp.AstNode)
DA:5,4
DA:6,4
DA:7,4
DA:8,4
LF:5
LH:5
BRF:0
BRH:0
FNF:2
FNH:2
end_of_record
SF:/home/jpfeiffer/Source/Synacor/cs/syncomp/src/Parser/Nodes/And.cs
FN:10,syncomp.AstNode syncomp.And::get_Left()
FNDA:3,syncomp.AstNode syncomp.And::get_Left()
DA:11,3
FN:11,syncomp.AstNode syncomp.And::get_Right()
FNDA:3,syncomp.AstNode syncomp.And::get_Right()
DA:12,3
FN:4,System.Void syncomp.And::.ctor(syncomp.AstNode,syncomp.AstNode)
FNDA:6,System.Void syncomp.And::.ctor(syncomp.AstNode,syncomp.AstNode)
DA:5,6
DA:6,6
DA:7,6
DA:8,6
DA:9,6
LF:7
LH:7
BRF:0
BRH:0
FNF:3
FNH:3
end_of_record
SF:/home/jpfeiffer/Source/Synacor/cs/syncomp/src/Parser/Nodes/Breakpoint.cs
FN:4,System.Void syncomp.Breakpoint::.ctor()
FNDA:6,System.Void syncomp.Breakpoint::.ctor()
DA:5,6
LF:1
LH:1
BRF:0
BRH:0
FNF:1
FNH:1
end_of_record
SF:/home/jpfeiffer/Source/Synacor/cs/syncomp/src/Parser/Nodes/Decr.cs
FN:9,syncomp.AstNode syncomp.Decr::get_Parameter()
FNDA:7,syncomp.AstNode syncomp.Decr::get_Parameter()
DA:10,7
FN:4,System.Void syncomp.Decr::.ctor(syncomp.AstNode)
FNDA:6,System.Void syncomp.Decr::.ctor(syncomp.AstNode)
DA:5,6
DA:6,6
DA:7,6
DA:8,6
LF:5
LH:5
BRF:0
BRH:0
FNF:2
FNH:2
end_of_record
SF:/home/jpfeiffer/Source/Synacor/cs/syncomp/src/Parser/Nodes/Deref.cs
FN:9,syncomp.AstNode syncomp.Deref::get_Parameter()
FNDA:2,syncomp.AstNode syncomp.Deref::get_Parameter()
DA:10,2
FN:4,System.Void syncomp.Deref::.ctor(syncomp.AstNode)
FNDA:4,System.Void syncomp.Deref::.ctor(syncomp.AstNode)
DA:5,4
DA:6,4
DA:7,4
DA:8,4
LF:5
LH:5
BRF:0
BRH:0
FNF:2
FNH:2
end_of_record
SF:/home/jpfeiffer/Source/Synacor/cs/syncomp/src/Parser/Nodes/Division.cs
FN:10,syncomp.AstNode syncomp.Division::get_Left()
FNDA:3,syncomp.AstNode syncomp.Division::get_Left()
DA:11,3
FN:11,syncomp.AstNode syncomp.Division::get_Right()
FNDA:3,syncomp.AstNode syncomp.Division::get_Right()
DA:12,3
FN:4,System.Void syncomp.Division::.ctor(syncomp.AstNode,syncomp.AstNode)
FNDA:6,System.Void syncomp.Division::.ctor(syncomp.AstNode,syncomp.AstNode)
DA:5,6
DA:6,6
DA:7,6
DA:8,6
DA:9,6
LF:7
LH:7
BRF:0
BRH:0
FNF:3
FNH:3
end_of_record
SF:/home/jpfeiffer/Source/Synacor/cs/syncomp/src/Parser/Nodes/Equal.cs
FN:10,syncomp.AstNode syncomp.Equal::get_Left()
FNDA:3,syncomp.AstNode syncomp.Equal::get_Left()
DA:11,3
FN:11,syncomp.AstNode syncomp.Equal::get_Right()
FNDA:3,syncomp.AstNode syncomp.Equal::get_Right()
DA:12,3
FN:4,System.Void syncomp.Equal::.ctor(syncomp.AstNode,syncomp.AstNode)
FNDA:6,System.Void syncomp.Equal::.ctor(syncomp.AstNode,syncomp.AstNode)
DA:5,6
DA:6,6
DA:7,6
DA:8,6
DA:9,6
LF:7
LH:7
BRF:0
BRH:0
FNF:3
FNH:3
end_of_record
SF:/home/jpfeiffer/Source/Synacor/cs/syncomp/src/Parser/Nodes/For.cs
FN:19,System.Collections.Generic.List`1<syncomp.AstNode> syncomp.For::get_Init()
FNDA:5,System.Collections.Generic.List`1<syncomp.AstNode> syncomp.For::get_Init()
DA:20,5
FN:20,System.Collections.Generic.List`1<syncomp.AstNode> syncomp.For::get_Condition()
FNDA:5,System.Collections.Generic.List`1<syncomp.AstNode> syncomp.For::get_Condition()
DA:21,5
FN:21,System.Collections.Generic.List`1<syncomp.AstNode> syncomp.For::get_Incrementor()
FNDA:5,System.Collections.Generic.List`1<syncomp.AstNode> syncomp.For::get_Incrementor()
DA:22,5
FN:22,System.Collections.Generic.List`1<syncomp.AstNode> syncomp.For::get_Expression()
FNDA:5,System.Collections.Generic.List`1<syncomp.AstNode> syncomp.For::get_Expression()
DA:23,5
FN:11,System.Void syncomp.For::.ctor(System.Collections.Generic.List`1<syncomp.AstNode>,System.Collections.Generic.List`1<syncomp.AstNode>,System.Collections.Generic.List`1<syncomp.AstNode>,System.Collections.Generic.List`1<syncomp.AstNode>)
FNDA:10,System.Void syncomp.For::.ctor(System.Collections.Generic.List`1<syncomp.AstNode>,System.Collections.Generic.List`1<syncomp.AstNode>,System.Collections.Generic.List`1<syncomp.AstNode>,System.Collections.Generic.List`1<syncomp.AstNode>)
DA:12,10
DA:13,10
DA:14,10
DA:15,10
DA:16,10
DA:17,10
DA:18,10
LF:11
LH:11
BRF:0
BRH:0
FNF:5
FNH:5
end_of_record
SF:/home/jpfeiffer/Source/Synacor/cs/syncomp/src/Parser/Nodes/FunctionCall.cs
FN:13,System.Collections.Generic.List`1<syncomp.AstNode> syncomp.FunctionCall::get_Parameters()
FNDA:4,System.Collections.Generic.List`1<syncomp.AstNode> syncomp.FunctionCall::get_Parameters()
DA:14,4
FN:14,System.String syncomp.FunctionCall::get_Name()
FNDA:11,System.String syncomp.FunctionCall::get_Name()
DA:15,11
FN:7,System.Void syncomp.FunctionCall::.ctor(System.Collections.Generic.List`1<syncomp.AstNode>,System.String)
FNDA:4,System.Void syncomp.FunctionCall::.ctor(System.Collections.Generic.List`1<syncomp.AstNode>,System.String)
DA:8,4
DA:9,4
DA:10,4
DA:11,4
DA:12,4
LF:7
LH:7
BRF:0
BRH:0
FNF:3
FNH:3
end_of_record
SF:/home/jpfeiffer/Source/Synacor/cs/syncomp/src/Parser/Nodes/FunctionDeclaration.cs
FN:17,System.Collections.Generic.List`1<syncomp.AstNode> syncomp.FunctionDeclaration::get_Parameters()
FNDA:14,System.Collections.Generic.List`1<syncomp.AstNode> syncomp.FunctionDeclaration::get_Parameters()
DA:18,14
FN:18,System.Collections.Generic.List`1<syncomp.AstNode> syncomp.FunctionDeclaration::get_Expression()
FNDA:3,System.Collections.Generic.List`1<syncomp.AstNode> syncomp.FunctionDeclaration::get_Expression()
DA:19,3
FN:19,System.String syncomp.FunctionDeclaration::get_Name()
FNDA:5,System.String syncomp.FunctionDeclaration::get_Name()
DA:20,5
FN:10,System.Void syncomp.FunctionDeclaration::.ctor(System.Collections.Generic.List`1<syncomp.AstNode>,System.Collections.Generic.List`1<syncomp.AstNode>,System.String)
FNDA:15,System.Void syncomp.FunctionDeclaration::.ctor(System.Collections.Generic.List`1<syncomp.AstNode>,System.Collections.Generic.List`1<syncomp.AstNode>,System.String)
DA:11,15
DA:12,15
DA:13,15
DA:14,15
DA:15,15
DA:16,15
LF:9
LH:9
BRF:0
BRH:0
FNF:4
FNH:4
end_of_record
SF:/home/jpfeiffer/Source/Synacor/cs/syncomp/src/Parser/Nodes/GreaterThan.cs
FN:10,syncomp.AstNode syncomp.GreaterThan::get_Left()
FNDA:2,syncomp.AstNode syncomp.GreaterThan::get_Left()
DA:11,2
FN:11,syncomp.AstNode syncomp.GreaterThan::get_Right()
FNDA:2,syncomp.AstNode syncomp.GreaterThan::get_Right()
DA:12,2
FN:4,System.Void syncomp.GreaterThan::.ctor(syncomp.AstNode,syncomp.AstNode)
FNDA:5,System.Void syncomp.GreaterThan::.ctor(syncomp.AstNode,syncomp.AstNode)
DA:5,5
DA:6,5
DA:7,5
DA:8,5
DA:9,5
LF:7
LH:7
BRF:0
BRH:0
FNF:3
FNH:3
end_of_record
SF:/home/jpfeiffer/Source/Synacor/cs/syncomp/src/Parser/Nodes/GreaterThanOrEqual.cs
FN:11,syncomp.AstNode syncomp.GreaterThanOrEqual::get_Left()
FNDA:4,syncomp.AstNode syncomp.GreaterThanOrEqual::get_Left()
DA:12,4
FN:12,syncomp.AstNode syncomp.GreaterThanOrEqual::get_Right()
FNDA:4,syncomp.AstNode syncomp.GreaterThanOrEqual::get_Right()
DA:13,4
FN:5,System.Void syncomp.GreaterThanOrEqual::.ctor(syncomp.AstNode,syncomp.AstNode)
FNDA:7,System.Void syncomp.GreaterThanOrEqual::.ctor(syncomp.AstNode,syncomp.AstNode)
DA:6,7
DA:7,7
DA:8,7
DA:9,7
DA:10,7
LF:7
LH:7
BRF:0
BRH:0
FNF:3
FNH:3
end_of_record
SF:/home/jpfeiffer/Source/Synacor/cs/syncomp/src/Parser/Nodes/Identifier.cs
FN:4,System.String syncomp.Identifier::get_Name()
FNDA:130,System.String syncomp.Identifier::get_Name()
DA:5,130
FN:5,System.Void syncomp.Identifier::.ctor(System.String)
FNDA:103,System.Void syncomp.Identifier::.ctor(System.String)
DA:6,103
DA:7,103
DA:8,103
DA:9,103
LF:5
LH:5
BRF:0
BRH:0
FNF:2
FNH:2
end_of_record
SF:/home/jpfeiffer/Source/Synacor/cs/syncomp/src/Parser/Nodes/If.cs
FN:12,System.Collections.Generic.List`1<syncomp.AstNode> syncomp.If::get_Condition()
FNDA:3,System.Collections.Generic.List`1<syncomp.AstNode> syncomp.If::get_Condition()
DA:13,3
FN:13,System.Collections.Generic.List`1<syncomp.AstNode> syncomp.If::get_Expression()
FNDA:3,System.Collections.Generic.List`1<syncomp.AstNode> syncomp.If::get_Expression()
DA:14,3
FN:6,System.Void syncomp.If::.ctor(System.Collections.Generic.List`1<syncomp.AstNode>,System.Collections.Generic.List`1<syncomp.AstNode>)
FNDA:6,System.Void syncomp.If::.ctor(System.Collections.Generic.List`1<syncomp.AstNode>,System.Collections.Generic.List`1<syncomp.AstNode>)
DA:7,6
DA:8,6
DA:9,6
DA:10,6
DA:11,6
LF:7
LH:7
BRF:0
BRH:0
FNF:3
FNH:3
end_of_record
SF:/home/jpfeiffer/Source/Synacor/cs/syncomp/src/Parser/Nodes/Incr.cs
FN:9,syncomp.AstNode syncomp.Incr::get_Parameter()
FNDA:13,syncomp.AstNode syncomp.Incr::get_Parameter()
DA:10,13
FN:4,System.Void syncomp.Incr::.ctor(syncomp.AstNode)
FNDA:15,System.Void syncomp.Incr::.ctor(syncomp.AstNode)
DA:5,15
DA:6,15
DA:7,15
DA:8,15
LF:5
LH:5
BRF:0
BRH:0
FNF:2
FNH:2
end_of_record
SF:/home/jpfeiffer/Source/Synacor/cs/syncomp/src/Parser/Nodes/IntegerLiteral.cs
FN:4,System.String syncomp.IntegerLiteral::get_Value()
FNDA:69,System.String syncomp.IntegerLiteral::get_Value()
DA:5,69
FN:5,System.Void syncomp.IntegerLiteral::.ctor(System.String)
FNDA:141,System.Void syncomp.IntegerLiteral::.ctor(System.String)
DA:6,141
DA:7,141
DA:8,141
DA:9,141
LF:5
LH:5
BRF:0
BRH:0
FNF:2
FNH:2
end_of_record
SF:/home/jpfeiffer/Source/Synacor/cs/syncomp/src/Parser/Nodes/LessThan.cs
FN:10,syncomp.AstNode syncomp.LessThan::get_Left()
FNDA:9,syncomp.AstNode syncomp.LessThan::get_Left()
DA:11,9
FN:11,syncomp.AstNode syncomp.LessThan::get_Right()
FNDA:9,syncomp.AstNode syncomp.LessThan::get_Right()
DA:12,9
FN:4,System.Void syncomp.LessThan::.ctor(syncomp.AstNode,syncomp.AstNode)
FNDA:18,System.Void syncomp.LessThan::.ctor(syncomp.AstNode,syncomp.AstNode)
DA:5,18
DA:6,18
DA:7,18
DA:8,18
DA:9,18
LF:7
LH:7
BRF:0
BRH:0
FNF:3
FNH:3
end_of_record
SF:/home/jpfeiffer/Source/Synacor/cs/syncomp/src/Parser/Nodes/LessThanOrEqual.cs
FN:10,syncomp.AstNode syncomp.LessThanOrEqual::get_Left()
FNDA:3,syncomp.AstNode syncomp.LessThanOrEqual::get_Left()
DA:11,3
FN:11,syncomp.AstNode syncomp.LessThanOrEqual::get_Right()
FNDA:3,syncomp.AstNode syncomp.LessThanOrEqual::get_Right()
DA:12,3
FN:4,System.Void syncomp.LessThanOrEqual::.ctor(syncomp.AstNode,syncomp.AstNode)
FNDA:6,System.Void syncomp.LessThanOrEqual::.ctor(syncomp.AstNode,syncomp.AstNode)
DA:5,6
DA:6,6
DA:7,6
DA:8,6
DA:9,6
LF:7
LH:7
BRF:0
BRH:0
FNF:3
FNH:3
end_of_record
SF:/home/jpfeiffer/Source/Synacor/cs/syncomp/src/Parser/Nodes/Mod.cs
FN:10,syncomp.AstNode syncomp.Mod::get_Left()
FNDA:2,syncomp.AstNode syncomp.Mod::get_Left()
DA:11,2
FN:11,syncomp.AstNode syncomp.Mod::get_Right()
FNDA:2,syncomp.AstNode syncomp.Mod::get_Right()
DA:12,2
FN:4,System.Void syncomp.Mod::.ctor(syncomp.AstNode,syncomp.AstNode)
FNDA:5,System.Void syncomp.Mod::.ctor(syncomp.AstNode,syncomp.AstNode)
DA:5,5
DA:6,5
DA:7,5
DA:8,5
DA:9,5
LF:7
LH:7
BRF:0
BRH:0
FNF:3
FNH:3
end_of_record
SF:/home/jpfeiffer/Source/Synacor/cs/syncomp/src/Parser/Nodes/Multiplication.cs
FN:10,syncomp.AstNode syncomp.Multiplication::get_Left()
FNDA:2,syncomp.AstNode syncomp.Multiplication::get_Left()
DA:11,2
FN:11,syncomp.AstNode syncomp.Multiplication::get_Right()
FNDA:2,syncomp.AstNode syncomp.Multiplication::get_Right()
DA:12,2
FN:4,System.Void syncomp.Multiplication::.ctor(syncomp.AstNode,syncomp.AstNode)
FNDA:5,System.Void syncomp.Multiplication::.ctor(syncomp.AstNode,syncomp.AstNode)
DA:5,5
DA:6,5
DA:7,5
DA:8,5
DA:9,5
LF:7
LH:7
BRF:0
BRH:0
FNF:3
FNH:3
end_of_record
SF:/home/jpfeiffer/Source/Synacor/cs/syncomp/src/Parser/Nodes/Not.cs
FN:9,syncomp.AstNode syncomp.Not::get_Parameter()
FNDA:1,syncomp.AstNode syncomp.Not::get_Parameter()
DA:10,1
FN:4,System.Void syncomp.Not::.ctor(syncomp.AstNode)
FNDA:3,System.Void syncomp.Not::.ctor(syncomp.AstNode)
DA:5,3
DA:6,3
DA:7,3
DA:8,3
LF:5
LH:5
BRF:0
BRH:0
FNF:2
FNH:2
end_of_record
SF:/home/jpfeiffer/Source/Synacor/cs/syncomp/src/Parser/Nodes/Or.cs
FN:10,syncomp.AstNode syncomp.Or::get_Left()
FNDA:2,syncomp.AstNode syncomp.Or::get_Left()
DA:11,2
FN:11,syncomp.AstNode syncomp.Or::get_Right()
FNDA:2,syncomp.AstNode syncomp.Or::get_Right()
DA:12,2
FN:4,System.Void syncomp.Or::.ctor(syncomp.AstNode,syncomp.AstNode)
FNDA:5,System.Void syncomp.Or::.ctor(syncomp.AstNode,syncomp.AstNode)
DA:5,5
DA:6,5
DA:7,5
DA:8,5
DA:9,5
LF:7
LH:7
BRF:0
BRH:0
FNF:3
FNH:3
end_of_record
SF:/home/jpfeiffer/Source/Synacor/cs/syncomp/src/Parser/Nodes/ParenGroup.cs
FN:11,System.Collections.Generic.List`1<syncomp.AstNode> syncomp.ParenGroup::get_Nodes()
FNDA:2,System.Collections.Generic.List`1<syncomp.AstNode> syncomp.ParenGroup::get_Nodes()
DA:12,2
FN:6,System.Void syncomp.ParenGroup::.ctor(System.Collections.Generic.List`1<syncomp.AstNode>)
FNDA:4,System.Void syncomp.ParenGroup::.ctor(System.Collections.Generic.List`1<syncomp.AstNode>)
DA:7,4
DA:8,4
DA:9,4
DA:10,4
LF:5
LH:5
BRF:0
BRH:0
FNF:2
FNH:2
end_of_record
SF:/home/jpfeiffer/Source/Synacor/cs/syncomp/src/Parser/Nodes/Return.cs
FN:9,syncomp.AstNode syncomp.Return::get_Parameter()
FNDA:5,syncomp.AstNode syncomp.Return::get_Parameter()
DA:10,5
FN:4,System.Void syncomp.Return::.ctor(syncomp.AstNode)
FNDA:5,System.Void syncomp.Return::.ctor(syncomp.AstNode)
DA:5,5
DA:6,5
DA:7,5
DA:8,5
LF:5
LH:5
BRF:0
BRH:0
FNF:2
FNH:2
end_of_record
SF:/home/jpfeiffer/Source/Synacor/cs/syncomp/src/Parser/Nodes/StringLiteral.cs
FN:9,System.String syncomp.StringLiteral::get_Value()
FNDA:18,System.String syncomp.StringLiteral::get_Value()
DA:10,18
FN:4,System.Void syncomp.StringLiteral::.ctor(System.String)
FNDA:8,System.Void syncomp.StringLiteral::.ctor(System.String)
DA:5,8
DA:6,8
DA:7,8
DA:8,8
LF:5
LH:5
BRF:0
BRH:0
FNF:2
FNH:2
end_of_record
SF:/home/jpfeiffer/Source/Synacor/cs/syncomp/src/Parser/Nodes/Subtraction.cs
FN:10,syncomp.AstNode syncomp.Subtraction::get_Left()
FNDA:2,syncomp.AstNode syncomp.Subtraction::get_Left()
DA:11,2
FN:11,syncomp.AstNode syncomp.Subtraction::get_Right()
FNDA:2,syncomp.AstNode syncomp.Subtraction::get_Right()
DA:12,2
FN:4,System.Void syncomp.Subtraction::.ctor(syncomp.AstNode,syncomp.AstNode)
FNDA:5,System.Void syncomp.Subtraction::.ctor(syncomp.AstNode,syncomp.AstNode)
DA:5,5
DA:6,5
DA:7,5
DA:8,5
DA:9,5
LF:7
LH:7
BRF:0
BRH:0
FNF:3
FNH:3
end_of_record
SF:/home/jpfeiffer/Source/Synacor/cs/syncomp/src/Parser/Nodes/VariableAssignment.cs
FN:4,syncomp.AstNode syncomp.VariableAssignment::get_Identifier()
FNDA:3,syncomp.AstNode syncomp.VariableAssignment::get_Identifier()
DA:5,3
FN:5,syncomp.AstNode syncomp.VariableAssignment::get_Parameter()
FNDA:2,syncomp.AstNode syncomp.VariableAssignment::get_Parameter()
DA:6,2
FN:7,System.Void syncomp.VariableAssignment::.ctor(syncomp.AstNode,syncomp.AstNode)
FNDA:11,System.Void syncomp.VariableAssignment::.ctor(syncomp.AstNode,syncomp.AstNode)
DA:8,11
DA:9,11
DA:10,11
DA:11,11
DA:12,11
LF:7
LH:7
BRF:0
BRH:0
FNF:3
FNH:3
end_of_record
SF:/home/jpfeiffer/Source/Synacor/cs/syncomp/src/Parser/Nodes/VariableDeclaration.cs
FN:4,System.String syncomp.VariableDeclaration::get_Identifier()
FNDA:14,System.String syncomp.VariableDeclaration::get_Identifier()
DA:5,14
FN:5,System.Void syncomp.VariableDeclaration::.ctor(System.String)
FNDA:30,System.Void syncomp.VariableDeclaration::.ctor(System.String)
DA:6,30
DA:7,30
DA:8,30
DA:9,30
LF:5
LH:5
BRF:0
BRH:0
FNF:2
FNH:2
end_of_record
SF:/home/jpfeiffer/Source/Synacor/cs/syncomp/src/Parser/Nodes/While.cs
FN:13,System.Collections.Generic.List`1<syncomp.AstNode> syncomp.While::get_Condition()
FNDA:4,System.Collections.Generic.List`1<syncomp.AstNode> syncomp.While::get_Condition()
DA:14,4
FN:14,System.Collections.Generic.List`1<syncomp.AstNode> syncomp.While::get_Expression()
FNDA:4,System.Collections.Generic.List`1<syncomp.AstNode> syncomp.While::get_Expression()
DA:15,4
FN:7,System.Void syncomp.While::.ctor(System.Collections.Generic.List`1<syncomp.AstNode>,System.Collections.Generic.List`1<syncomp.AstNode>)
FNDA:4,System.Void syncomp.While::.ctor(System.Collections.Generic.List`1<syncomp.AstNode>,System.Collections.Generic.List`1<syncomp.AstNode>)
DA:8,4
DA:9,4
DA:10,4
DA:11,4
DA:12,4
LF:7
LH:7
BRF:0
BRH:0
FNF:3
FNH:3
end_of_record
SF:/home/jpfeiffer/Source/Synacor/cs/syncomp/src/Parser/ParseException.cs
FN:7,System.Int32 syncomp.ParseException::get_Index()
FNDA:2,System.Int32 syncomp.ParseException::get_Index()
DA:8,2
FN:8,System.Collections.Generic.List`1<syncomp.SyntaxToken> syncomp.ParseException::get_Tokens()
FNDA:1,System.Collections.Generic.List`1<syncomp.SyntaxToken> syncomp.ParseException::get_Tokens()
DA:9,1
FN:9,System.Collections.Generic.List`1<syncomp.AstNode> syncomp.ParseException::get_Nodes()
FNDA:0,System.Collections.Generic.List`1<syncomp.AstNode> syncomp.ParseException::get_Nodes()
DA:10,0
FN:11,System.Void syncomp.ParseException::.ctor(System.Int32,System.Collections.Generic.List`1<syncomp.SyntaxToken>,System.Collections.Generic.List`1<syncomp.AstNode>)
FNDA:3,System.Void syncomp.ParseException::.ctor(System.Int32,System.Collections.Generic.List`1<syncomp.SyntaxToken>,System.Collections.Generic.List`1<syncomp.AstNode>)
DA:12,3
DA:13,3
DA:14,3
DA:15,3
DA:16,3
DA:17,3
LF:9
LH:8
BRF:0
BRH:0
FNF:4
FNH:3
end_of_record
SF:/home/jpfeiffer/Source/Synacor/cs/syncomp/src/Parser/Parser.cs
FN:14,System.Collections.Generic.List`1<syncomp.AstNode> syncomp.Parser::Parse()
FNDA:0,System.Collections.Generic.List`1<syncomp.AstNode> syncomp.Parser::Parse()
DA:15,0
DA:16,0
DA:17,0
DA:18,0
DA:19,0
DA:20,0
BRDA:16,23,0,0
BRDA:16,23,1,0
FN:8,System.Void syncomp.Parser::.ctor(System.Collections.Generic.List`1<syncomp.SyntaxToken>)
FNDA:0,System.Void syncomp.Parser::.ctor(System.Collections.Generic.List`1<syncomp.SyntaxToken>)
DA:9,0
DA:10,0
DA:11,0
DA:12,0
LF:10
LH:0
BRF:2
BRH:0
FNF:2
FNH:0
end_of_record
SF:/home/jpfeiffer/Source/Synacor/cs/syncomp/src/Parser/ParserPath.cs
FN:17,syncomp.SyntaxTokenType syncomp.ParserPath::get_Match()
FNDA:0,syncomp.SyntaxTokenType syncomp.ParserPath::get_Match()
DA:18,0
FN:21,System.ValueTuple`2<System.Int32,syncomp.AstNode> syncomp.ParserPath::Eval(System.Int32,System.Collections.Generic.List`1<syncomp.SyntaxToken>,System.Collections.Generic.List`1<syncomp.AstNode>)
FNDA:0,System.ValueTuple`2<System.Int32,syncomp.AstNode> syncomp.ParserPath::Eval(System.Int32,System.Collections.Generic.List`1<syncomp.SyntaxToken>,System.Collections.Generic.List`1<syncomp.AstNode>)
DA:22,0
DA:23,0
FN:26,System.Collections.Generic.List`1<syncomp.AstNode> syncomp.ParserPath::ParseTokens(System.Collections.Generic.List`1<syncomp.SyntaxToken>)
FNDA:152,System.Collections.Generic.List`1<syncomp.AstNode> syncomp.ParserPath::ParseTokens(System.Collections.Generic.List`1<syncomp.SyntaxToken>)
DA:27,152
DA:28,152
DA:30,682
DA:31,192
DA:32,5568
DA:33,857
DA:34,142
DA:36,142
DA:37,142
DA:38,139
DA:39,139
DA:40,139
DA:41,3
DA:42,3
DA:43,3
DA:44,0
DA:45,0
DA:48,3
DA:49,3
DA:52,139
DA:53,189
DA:55,149
DA:56,149
BRDA:30,295,1,192
BRDA:33,226,1,142
BRDA:43,188,0,0
BRDA:43,188,1,3
BRDA:33,226,0,189
BRDA:30,295,0,149
FN:62,System.Int32 syncomp.ParserPath::GetExpression(syncomp.SyntaxTokenType,syncomp.SyntaxTokenType,System.Int32,System.Collections.Generic.List`1<syncomp.SyntaxToken>)
FNDA:50,System.Int32 syncomp.ParserPath::GetExpression(syncomp.SyntaxTokenType,syncomp.SyntaxTokenType,System.Int32,System.Collections.Generic.List`1<syncomp.SyntaxToken>)
DA:63,50
DA:64,50
DA:67,200
DA:68,200
DA:69,250
DA:70,250
DA:71,200
DA:72,200
DA:73,200
DA:76,50
DA:77,50
BRDA:73,61,1,200
BRDA:69,24,0,50
BRDA:69,24,1,200
BRDA:70,41,0,50
BRDA:70,41,1,200
BRDA:73,61,0,50
FN:79,System.Int32 syncomp.ParserPath::GetNextTerminator(System.Int32,System.Collections.Generic.List`1<syncomp.SyntaxToken>)
FNDA:15,System.Int32 syncomp.ParserPath::GetNextTerminator(System.Int32,System.Collections.Generic.List`1<syncomp.SyntaxToken>)
DA:80,15
DA:81,15
DA:82,15
DA:83,15
DA:84,15
DA:85,15
DA:86,15
DA:87,15
DA:88,15
DA:89,15
DA:90,15
DA:91,15
DA:92,45
DA:93,45
DA:94,85
DA:95,40
DA:96,40
DA:97,40
DA:98,40
DA:99,40
DA:100,50
DA:101,30
DA:102,30
DA:104,15
DA:105,15
BRDA:92,155,1,40
BRDA:95,72,0,0
BRDA:95,72,1,40
BRDA:96,100,0,0
BRDA:96,100,1,40
BRDA:97,119,0,10
BRDA:97,119,1,30
BRDA:97,132,1,30
BRDA:97,132,0,15
BRDA:92,155,0,15
FN:9,System.Void syncomp.ParserPath::.cctor()
FNDA:1,System.Void syncomp.ParserPath::.cctor()
DA:10,1
DA:11,1
DA:12,69
DA:13,2
DA:14,119
DA:15,118
DA:16,29
DA:17,1
LF:70
LH:65
BRF:22
BRH:19
FNF:6
FNH:4
end_of_record
SF:/home/jpfeiffer/Source/Synacor/cs/syncomp/src/Parser/Paths/AdditionPath.cs
FN:8,syncomp.SyntaxTokenType syncomp.AdditionPath::get_Match()
FNDA:192,syncomp.SyntaxTokenType syncomp.AdditionPath::get_Match()
DA:9,192
FN:13,System.ValueTuple`2<System.Int32,syncomp.AstNode> syncomp.AdditionPath::Eval(System.Int32,System.Collections.Generic.List`1<syncomp.SyntaxToken>,System.Collections.Generic.List`1<syncomp.AstNode>)
FNDA:4,System.ValueTuple`2<System.Int32,syncomp.AstNode> syncomp.AdditionPath::Eval(System.Int32,System.Collections.Generic.List`1<syncomp.SyntaxToken>,System.Collections.Generic.List`1<syncomp.AstNode>)
DA:14,4
DA:15,4
DA:16,4
DA:17,4
DA:18,4
LF:6
LH:6
BRF:0
BRH:0
FNF:2
FNH:2
end_of_record
SF:/home/jpfeiffer/Source/Synacor/cs/syncomp/src/Parser/Paths/AddressOfPath.cs
FN:8,syncomp.SyntaxTokenType syncomp.AddressOfPath::get_Match()
FNDA:192,syncomp.SyntaxTokenType syncomp.AddressOfPath::get_Match()
DA:9,192
FN:13,System.ValueTuple`2<System.Int32,syncomp.AstNode> syncomp.AddressOfPath::Eval(System.Int32,System.Collections.Generic.List`1<syncomp.SyntaxToken>,System.Collections.Generic.List`1<syncomp.AstNode>)
FNDA:3,System.ValueTuple`2<System.Int32,syncomp.AstNode> syncomp.AddressOfPath::Eval(System.Int32,System.Collections.Generic.List`1<syncomp.SyntaxToken>,System.Collections.Generic.List`1<syncomp.AstNode>)
DA:14,3
DA:15,3
DA:16,3
DA:17,3
LF:5
LH:5
BRF:0
BRH:0
FNF:2
FNH:2
end_of_record
SF:/home/jpfeiffer/Source/Synacor/cs/syncomp/src/Parser/Paths/AndPath.cs
FN:8,syncomp.SyntaxTokenType syncomp.AndPath::get_Match()
FNDA:192,syncomp.SyntaxTokenType syncomp.AndPath::get_Match()
DA:9,192
FN:13,System.ValueTuple`2<System.Int32,syncomp.AstNode> syncomp.AndPath::Eval(System.Int32,System.Collections.Generic.List`1<syncomp.SyntaxToken>,System.Collections.Generic.List`1<syncomp.AstNode>)
FNDA:4,System.ValueTuple`2<System.Int32,syncomp.AstNode> syncomp.AndPath::Eval(System.Int32,System.Collections.Generic.List`1<syncomp.SyntaxToken>,System.Collections.Generic.List`1<syncomp.AstNode>)
DA:14,4
DA:15,4
DA:16,4
DA:17,4
DA:18,4
LF:6
LH:6
BRF:0
BRH:0
FNF:2
FNH:2
end_of_record
SF:/home/jpfeiffer/Source/Synacor/cs/syncomp/src/Parser/Paths/BreakpointPath.cs
FN:8,syncomp.SyntaxTokenType syncomp.BreakpointPath::get_Match()
FNDA:192,syncomp.SyntaxTokenType syncomp.BreakpointPath::get_Match()
DA:9,192
FN:13,System.ValueTuple`2<System.Int32,syncomp.AstNode> syncomp.BreakpointPath::Eval(System.Int32,System.Collections.Generic.List`1<syncomp.SyntaxToken>,System.Collections.Generic.List`1<syncomp.AstNode>)
FNDA:2,System.ValueTuple`2<System.Int32,syncomp.AstNode> syncomp.BreakpointPath::Eval(System.Int32,System.Collections.Generic.List`1<syncomp.SyntaxToken>,System.Collections.Generic.List`1<syncomp.AstNode>)
DA:14,2
DA:15,2
DA:16,2
LF:4
LH:4
BRF:0
BRH:0
FNF:2
FNH:2
end_of_record
SF:/home/jpfeiffer/Source/Synacor/cs/syncomp/src/Parser/Paths/DecrPath.cs
FN:8,syncomp.SyntaxTokenType syncomp.DecrPath::get_Match()
FNDA:192,syncomp.SyntaxTokenType syncomp.DecrPath::get_Match()
DA:9,192
FN:13,System.ValueTuple`2<System.Int32,syncomp.AstNode> syncomp.DecrPath::Eval(System.Int32,System.Collections.Generic.List`1<syncomp.SyntaxToken>,System.Collections.Generic.List`1<syncomp.AstNode>)
FNDA:3,System.ValueTuple`2<System.Int32,syncomp.AstNode> syncomp.DecrPath::Eval(System.Int32,System.Collections.Generic.List`1<syncomp.SyntaxToken>,System.Collections.Generic.List`1<syncomp.AstNode>)
DA:14,3
DA:15,3
DA:16,3
DA:17,3
LF:5
LH:5
BRF:0
BRH:0
FNF:2
FNH:2
end_of_record
SF:/home/jpfeiffer/Source/Synacor/cs/syncomp/src/Parser/Paths/DerefPath.cs
FN:8,syncomp.SyntaxTokenType syncomp.DerefPath::get_Match()
FNDA:192,syncomp.SyntaxTokenType syncomp.DerefPath::get_Match()
DA:9,192
FN:13,System.ValueTuple`2<System.Int32,syncomp.AstNode> syncomp.DerefPath::Eval(System.Int32,System.Collections.Generic.List`1<syncomp.SyntaxToken>,System.Collections.Generic.List`1<syncomp.AstNode>)
FNDA:3,System.ValueTuple`2<System.Int32,syncomp.AstNode> syncomp.DerefPath::Eval(System.Int32,System.Collections.Generic.List`1<syncomp.SyntaxToken>,System.Collections.Generic.List`1<syncomp.AstNode>)
DA:14,3
DA:15,3
DA:16,3
DA:17,3
DA:18,3
DA:19,3
DA:20,3
DA:21,3
DA:22,3
LF:10
LH:10
BRF:0
BRH:0
FNF:2
FNH:2
end_of_record
SF:/home/jpfeiffer/Source/Synacor/cs/syncomp/src/Parser/Paths/DivisionPath.cs
FN:8,syncomp.SyntaxTokenType syncomp.DivisionPath::get_Match()
FNDA:192,syncomp.SyntaxTokenType syncomp.DivisionPath::get_Match()
DA:9,192
FN:13,System.ValueTuple`2<System.Int32,syncomp.AstNode> syncomp.DivisionPath::Eval(System.Int32,System.Collections.Generic.List`1<syncomp.SyntaxToken>,System.Collections.Generic.List`1<syncomp.AstNode>)
FNDA:4,System.ValueTuple`2<System.Int32,syncomp.AstNode> syncomp.DivisionPath::Eval(System.Int32,System.Collections.Generic.List`1<syncomp.SyntaxToken>,System.Collections.Generic.List`1<syncomp.AstNode>)
DA:14,4
DA:15,4
DA:16,4
DA:17,4
DA:18,4
LF:6
LH:6
BRF:0
BRH:0
FNF:2
FNH:2
end_of_record
SF:/home/jpfeiffer/Source/Synacor/cs/syncomp/src/Parser/Paths/EqualPath.cs
FN:8,syncomp.SyntaxTokenType syncomp.EqualPath::get_Match()
FNDA:192,syncomp.SyntaxTokenType syncomp.EqualPath::get_Match()
DA:9,192
FN:13,System.ValueTuple`2<System.Int32,syncomp.AstNode> syncomp.EqualPath::Eval(System.Int32,System.Collections.Generic.List`1<syncomp.SyntaxToken>,System.Collections.Generic.List`1<syncomp.AstNode>)
FNDA:4,System.ValueTuple`2<System.Int32,syncomp.AstNode> syncomp.EqualPath::Eval(System.Int32,System.Collections.Generic.List`1<syncomp.SyntaxToken>,System.Collections.Generic.List`1<syncomp.AstNode>)
DA:14,4
DA:15,4
DA:16,4
DA:17,4
DA:18,4
LF:6
LH:6
BRF:0
BRH:0
FNF:2
FNH:2
end_of_record
SF:/home/jpfeiffer/Source/Synacor/cs/syncomp/src/Parser/Paths/ForPath.cs
FN:8,syncomp.SyntaxTokenType syncomp.ForPath::get_Match()
FNDA:192,syncomp.SyntaxTokenType syncomp.ForPath::get_Match()
DA:9,192
FN:13,System.ValueTuple`2<System.Int32,syncomp.AstNode> syncomp.ForPath::Eval(System.Int32,System.Collections.Generic.List`1<syncomp.SyntaxToken>,System.Collections.Generic.List`1<syncomp.AstNode>)
FNDA:6,System.ValueTuple`2<System.Int32,syncomp.AstNode> syncomp.ForPath::Eval(System.Int32,System.Collections.Generic.List`1<syncomp.SyntaxToken>,System.Collections.Generic.List`1<syncomp.AstNode>)
DA:14,6
DA:15,6
DA:16,6
DA:17,6
DA:18,6
DA:19,6
DA:20,6
DA:21,6
DA:22,6
DA:23,6
DA:24,6
DA:25,6
DA:26,150
DA:27,66
DA:28,66
DA:29,66
DA:30,12
DA:31,12
DA:32,12
DA:33,12
DA:34,66
DA:35,6
DA:36,6
DA:37,6
DA:38,6
DA:40,6
DA:41,6
DA:42,6
DA:43,6
DA:44,6
DA:45,6
DA:46,6
DA:48,6
DA:49,6
DA:51,6
DA:52,6
DA:53,6
DA:54,6
DA:55,6
DA:56,6
DA:57,6
BRDA:26,117,1,66
BRDA:29,91,0,12
BRDA:29,91,1,66
BRDA:26,117,0,6
LF:42
LH:42
BRF:4
BRH:4
FNF:2
FNH:2
end_of_record
SF:/home/jpfeiffer/Source/Synacor/cs/syncomp/src/Parser/Paths/FunctionDeclarationPath.cs
FN:9,syncomp.SyntaxTokenType syncomp.FunctionDeclarationPath::get_Match()
FNDA:192,syncomp.SyntaxTokenType syncomp.FunctionDeclarationPath::get_Match()
DA:10,192
FN:14,System.ValueTuple`2<System.Int32,syncomp.AstNode> syncomp.FunctionDeclarationPath::Eval(System.Int32,System.Collections.Generic.List`1<syncomp.SyntaxToken>,System.Collections.Generic.List`1<syncomp.AstNode>)
FNDA:15,System.ValueTuple`2<System.Int32,syncomp.AstNode> syncomp.FunctionDeclarationPath::Eval(System.Int32,System.Collections.Generic.List`1<syncomp.SyntaxToken>,System.Collections.Generic.List`1<syncomp.AstNode>)
DA:15,15
DA:16,15
DA:17,15
DA:18,6
DA:19,6
DA:20,6
DA:21,6
DA:22,15
DA:23,15
DA:24,15
DA:25,15
DA:26,15
DA:27,15
DA:28,15
DA:29,15
DA:30,15
DA:31,15
DA:32,15
DA:33,15
DA:34,15
DA:35,15
DA:36,15
DA:37,15
DA:39,12
DA:41,12
DA:42,12
DA:43,12
DA:44,12
DA:45,12
DA:46,12
DA:48,12
DA:49,12
DA:50,12
DA:52,12
DA:56,12
DA:57,12
BRDA:17,30,0,6
BRDA:17,30,1,15
BRDA:56,140,0,6
BRDA:56,140,1,6
LF:37
LH:37
BRF:4
BRH:4
FNF:2
FNH:2
end_of_record
SF:/home/jpfeiffer/Source/Synacor/cs/syncomp/src/Parser/Paths/GreaterThanOrEqualPath.cs
FN:8,syncomp.SyntaxTokenType syncomp.GreaterThanOrEqualPath::get_Match()
FNDA:192,syncomp.SyntaxTokenType syncomp.GreaterThanOrEqualPath::get_Match()
DA:9,192
FN:13,System.ValueTuple`2<System.Int32,syncomp.AstNode> syncomp.GreaterThanOrEqualPath::Eval(System.Int32,System.Collections.Generic.List`1<syncomp.SyntaxToken>,System.Collections.Generic.List`1<syncomp.AstNode>)
FNDA:4,System.ValueTuple`2<System.Int32,syncomp.AstNode> syncomp.GreaterThanOrEqualPath::Eval(System.Int32,System.Collections.Generic.List`1<syncomp.SyntaxToken>,System.Collections.Generic.List`1<syncomp.AstNode>)
DA:14,4
DA:15,4
DA:16,4
DA:17,4
DA:18,4
DA:19,4
DA:20,4
LF:8
LH:8
BRF:0
BRH:0
FNF:2
FNH:2
end_of_record
SF:/home/jpfeiffer/Source/Synacor/cs/syncomp/src/Parser/Paths/GreaterThanPath.cs
FN:8,syncomp.SyntaxTokenType syncomp.GreaterThanPath::get_Match()
FNDA:192,syncomp.SyntaxTokenType syncomp.GreaterThanPath::get_Match()
DA:9,192
FN:13,System.ValueTuple`2<System.Int32,syncomp.AstNode> syncomp.GreaterThanPath::Eval(System.Int32,System.Collections.Generic.List`1<syncomp.SyntaxToken>,System.Collections.Generic.List`1<syncomp.AstNode>)
FNDA:4,System.ValueTuple`2<System.Int32,syncomp.AstNode> syncomp.GreaterThanPath::Eval(System.Int32,System.Collections.Generic.List`1<syncomp.SyntaxToken>,System.Collections.Generic.List`1<syncomp.AstNode>)
DA:14,4
DA:15,4
DA:16,4
DA:17,4
DA:18,4
DA:19,4
DA:20,4
LF:8
LH:8
BRF:0
BRH:0
FNF:2
FNH:2
end_of_record
SF:/home/jpfeiffer/Source/Synacor/cs/syncomp/src/Parser/Paths/IdentifierPath.cs
FN:8,syncomp.SyntaxTokenType syncomp.IdentifierPath::get_Match()
FNDA:192,syncomp.SyntaxTokenType syncomp.IdentifierPath::get_Match()
DA:9,192
FN:13,System.ValueTuple`2<System.Int32,syncomp.AstNode> syncomp.IdentifierPath::Eval(System.Int32,System.Collections.Generic.List`1<syncomp.SyntaxToken>,System.Collections.Generic.List`1<syncomp.AstNode>)
FNDA:106,System.ValueTuple`2<System.Int32,syncomp.AstNode> syncomp.IdentifierPath::Eval(System.Int32,System.Collections.Generic.List`1<syncomp.SyntaxToken>,System.Collections.Generic.List`1<syncomp.AstNode>)
DA:14,106
DA:17,106
DA:19,106
DA:20,0
DA:22,0
DA:23,0
DA:24,0
DA:25,0
DA:26,0
DA:28,0
DA:29,0
DA:30,0
DA:31,0
DA:32,0
DA:34,106
DA:35,106
DA:36,36
DA:37,36
DA:38,36
DA:40,70
DA:41,70
DA:42,70
DA:43,106
DA:45,106
DA:46,106
BRDA:19,18,0,16
BRDA:19,18,1,90
BRDA:19,44,0,0
BRDA:19,44,1,106
BRDA:35,127,0,36
BRDA:35,127,1,70
LF:26
LH:15
BRF:6
BRH:5
FNF:2
FNH:2
end_of_record
SF:/home/jpfeiffer/Source/Synacor/cs/syncomp/src/Parser/Paths/IfPath.cs
FN:8,syncomp.SyntaxTokenType syncomp.IfPath::get_Match()
FNDA:192,syncomp.SyntaxTokenType syncomp.IfPath::get_Match()
DA:9,192
FN:13,System.ValueTuple`2<System.Int32,syncomp.AstNode> syncomp.IfPath::Eval(System.Int32,System.Collections.Generic.List`1<syncomp.SyntaxToken>,System.Collections.Generic.List`1<syncomp.AstNode>)
FNDA:4,System.ValueTuple`2<System.Int32,syncomp.AstNode> syncomp.IfPath::Eval(System.Int32,System.Collections.Generic.List`1<syncomp.SyntaxToken>,System.Collections.Generic.List`1<syncomp.AstNode>)
DA:14,4
DA:15,4
DA:16,4
DA:17,4
DA:18,4
DA:19,4
DA:20,4
DA:21,4
DA:22,4
DA:23,4
DA:24,4
DA:25,4
DA:26,4
DA:27,4
DA:28,4
DA:29,4
DA:30,4
DA:31,4
DA:33,4
DA:34,4
DA:35,4
DA:36,4
LF:23
LH:23
BRF:0
BRH:0
FNF:2
FNH:2
end_of_record
SF:/home/jpfeiffer/Source/Synacor/cs/syncomp/src/Parser/Paths/IncrPath.cs
FN:8,syncomp.SyntaxTokenType syncomp.IncrPath::get_Match()
FNDA:192,syncomp.SyntaxTokenType syncomp.IncrPath::get_Match()
DA:9,192
FN:13,System.ValueTuple`2<System.Int32,syncomp.AstNode> syncomp.IncrPath::Eval(System.Int32,System.Collections.Generic.List`1<syncomp.SyntaxToken>,System.Collections.Generic.List`1<syncomp.AstNode>)
FNDA:9,System.ValueTuple`2<System.Int32,syncomp.AstNode> syncomp.IncrPath::Eval(System.Int32,System.Collections.Generic.List`1<syncomp.SyntaxToken>,System.Collections.Generic.List`1<syncomp.AstNode>)
DA:14,9
DA:15,9
DA:16,9
DA:17,9
LF:5
LH:5
BRF:0
BRH:0
FNF:2
FNH:2
end_of_record
SF:/home/jpfeiffer/Source/Synacor/cs/syncomp/src/Parser/Paths/LeftParenPath.cs
FN:8,syncomp.SyntaxTokenType syncomp.LeftParenPath::get_Match()
FNDA:192,syncomp.SyntaxTokenType syncomp.LeftParenPath::get_Match()
DA:9,192
FN:13,System.ValueTuple`2<System.Int32,syncomp.AstNode> syncomp.LeftParenPath::Eval(System.Int32,System.Collections.Generic.List`1<syncomp.SyntaxToken>,System.Collections.Generic.List`1<syncomp.AstNode>)
FNDA:3,System.ValueTuple`2<System.Int32,syncomp.AstNode> syncomp.LeftParenPath::Eval(System.Int32,System.Collections.Generic.List`1<syncomp.SyntaxToken>,System.Collections.Generic.List`1<syncomp.AstNode>)
DA:14,3
DA:15,3
DA:16,3
DA:17,3
DA:18,3
DA:19,3
DA:20,3
DA:22,3
DA:23,3
DA:24,3
DA:25,3
DA:27,3
DA:29,3
DA:30,3
LF:15
LH:15
BRF:0
BRH:0
FNF:2
FNH:2
end_of_record
SF:/home/jpfeiffer/Source/Synacor/cs/syncomp/src/Parser/Paths/LessThanOrEqualPath.cs
FN:8,syncomp.SyntaxTokenType syncomp.LessThanOrEqualPath::get_Match()
FNDA:192,syncomp.SyntaxTokenType syncomp.LessThanOrEqualPath::get_Match()
DA:9,192
FN:13,System.ValueTuple`2<System.Int32,syncomp.AstNode> syncomp.LessThanOrEqualPath::Eval(System.Int32,System.Collections.Generic.List`1<syncomp.SyntaxToken>,System.Collections.Generic.List`1<syncomp.AstNode>)
FNDA:4,System.ValueTuple`2<System.Int32,syncomp.AstNode> syncomp.LessThanOrEqualPath::Eval(System.Int32,System.Collections.Generic.List`1<syncomp.SyntaxToken>,System.Collections.Generic.List`1<syncomp.AstNode>)
DA:14,4
DA:15,4
DA:16,4
DA:17,4
DA:18,4
DA:19,4
DA:20,4
LF:8
LH:8
BRF:0
BRH:0
FNF:2
FNH:2
end_of_record
SF:/home/jpfeiffer/Source/Synacor/cs/syncomp/src/Parser/Paths/LessThanPath.cs
FN:8,syncomp.SyntaxTokenType syncomp.LessThanPath::get_Match()
FNDA:192,syncomp.SyntaxTokenType syncomp.LessThanPath::get_Match()
DA:9,192
FN:13,System.ValueTuple`2<System.Int32,syncomp.AstNode> syncomp.LessThanPath::Eval(System.Int32,System.Collections.Generic.List`1<syncomp.SyntaxToken>,System.Collections.Generic.List`1<syncomp.AstNode>)
FNDA:10,System.ValueTuple`2<System.Int32,syncomp.AstNode> syncomp.LessThanPath::Eval(System.Int32,System.Collections.Generic.List`1<syncomp.SyntaxToken>,System.Collections.Generic.List`1<syncomp.AstNode>)
DA:14,10
DA:15,10
DA:16,10
DA:17,10
DA:18,10
DA:19,10
DA:20,10
LF:8
LH:8
BRF:0
BRH:0
FNF:2
FNH:2
end_of_record
SF:/home/jpfeiffer/Source/Synacor/cs/syncomp/src/Parser/Paths/ModPath.cs
FN:8,syncomp.SyntaxTokenType syncomp.ModPath::get_Match()
FNDA:192,syncomp.SyntaxTokenType syncomp.ModPath::get_Match()
DA:9,192
FN:13,System.ValueTuple`2<System.Int32,syncomp.AstNode> syncomp.ModPath::Eval(System.Int32,System.Collections.Generic.List`1<syncomp.SyntaxToken>,System.Collections.Generic.List`1<syncomp.AstNode>)
FNDA:4,System.ValueTuple`2<System.Int32,syncomp.AstNode> syncomp.ModPath::Eval(System.Int32,System.Collections.Generic.List`1<syncomp.SyntaxToken>,System.Collections.Generic.List`1<syncomp.AstNode>)
DA:14,4
DA:15,4
DA:16,4
DA:17,4
DA:18,4
LF:6
LH:6
BRF:0
BRH:0
FNF:2
FNH:2
end_of_record
SF:/home/jpfeiffer/Source/Synacor/cs/syncomp/src/Parser/Paths/MultiplicationPath.cs
FN:8,syncomp.SyntaxTokenType syncomp.MultiplicationPath::get_Match()
FNDA:192,syncomp.SyntaxTokenType syncomp.MultiplicationPath::get_Match()
DA:9,192
FN:13,System.ValueTuple`2<System.Int32,syncomp.AstNode> syncomp.MultiplicationPath::Eval(System.Int32,System.Collections.Generic.List`1<syncomp.SyntaxToken>,System.Collections.Generic.List`1<syncomp.AstNode>)
FNDA:4,System.ValueTuple`2<System.Int32,syncomp.AstNode> syncomp.MultiplicationPath::Eval(System.Int32,System.Collections.Generic.List`1<syncomp.SyntaxToken>,System.Collections.Generic.List`1<syncomp.AstNode>)
DA:14,4
DA:15,4
DA:16,4
DA:17,4
DA:18,4
LF:6
LH:6
BRF:0
BRH:0
FNF:2
FNH:2
end_of_record
SF:/home/jpfeiffer/Source/Synacor/cs/syncomp/src/Parser/Paths/NotPath.cs
FN:8,syncomp.SyntaxTokenType syncomp.NotPath::get_Match()
FNDA:192,syncomp.SyntaxTokenType syncomp.NotPath::get_Match()
DA:9,192
FN:13,System.ValueTuple`2<System.Int32,syncomp.AstNode> syncomp.NotPath::Eval(System.Int32,System.Collections.Generic.List`1<syncomp.SyntaxToken>,System.Collections.Generic.List`1<syncomp.AstNode>)
FNDA:2,System.ValueTuple`2<System.Int32,syncomp.AstNode> syncomp.NotPath::Eval(System.Int32,System.Collections.Generic.List`1<syncomp.SyntaxToken>,System.Collections.Generic.List`1<syncomp.AstNode>)
DA:14,2
DA:15,2
DA:16,2
DA:17,2
DA:18,2
DA:19,2
LF:7
LH:7
BRF:0
BRH:0
FNF:2
FNH:2
end_of_record
SF:/home/jpfeiffer/Source/Synacor/cs/syncomp/src/Parser/Paths/OrPath.cs
FN:8,syncomp.SyntaxTokenType syncomp.OrPath::get_Match()
FNDA:192,syncomp.SyntaxTokenType syncomp.OrPath::get_Match()
DA:9,192
FN:13,System.ValueTuple`2<System.Int32,syncomp.AstNode> syncomp.OrPath::Eval(System.Int32,System.Collections.Generic.List`1<syncomp.SyntaxToken>,System.Collections.Generic.List`1<syncomp.AstNode>)
FNDA:4,System.ValueTuple`2<System.Int32,syncomp.AstNode> syncomp.OrPath::Eval(System.Int32,System.Collections.Generic.List`1<syncomp.SyntaxToken>,System.Collections.Generic.List`1<syncomp.AstNode>)
DA:14,4
DA:15,4
DA:16,4
DA:17,4
DA:18,4
LF:6
LH:6
BRF:0
BRH:0
FNF:2
FNH:2
end_of_record
SF:/home/jpfeiffer/Source/Synacor/cs/syncomp/src/Parser/Paths/QuotePath.cs
FN:9,syncomp.SyntaxTokenType syncomp.QuotePath::get_Match()
FNDA:192,syncomp.SyntaxTokenType syncomp.QuotePath::get_Match()
DA:10,192
FN:14,System.ValueTuple`2<System.Int32,syncomp.AstNode> syncomp.QuotePath::Eval(System.Int32,System.Collections.Generic.List`1<syncomp.SyntaxToken>,System.Collections.Generic.List`1<syncomp.AstNode>)
FNDA:2,System.ValueTuple`2<System.Int32,syncomp.AstNode> syncomp.QuotePath::Eval(System.Int32,System.Collections.Generic.List`1<syncomp.SyntaxToken>,System.Collections.Generic.List`1<syncomp.AstNode>)
DA:15,2
DA:16,2
DA:17,2
DA:18,4
DA:19,2
DA:20,2
DA:21,2
DA:22,2
DA:23,4
DA:24,2
DA:25,2
BRDA:18,38,1,2
BRDA:18,38,0,2
BRDA:22,62,0,1
BRDA:22,62,1,2
LF:12
LH:12
BRF:4
BRH:4
FNF:2
FNH:2
end_of_record
SF:/home/jpfeiffer/Source/Synacor/cs/syncomp/src/Parser/Paths/ReturnPath.cs
FN:8,syncomp.SyntaxTokenType syncomp.ReturnPath::get_Match()
FNDA:192,syncomp.SyntaxTokenType syncomp.ReturnPath::get_Match()
DA:9,192
FN:13,System.ValueTuple`2<System.Int32,syncomp.AstNode> syncomp.ReturnPath::Eval(System.Int32,System.Collections.Generic.List`1<syncomp.SyntaxToken>,System.Collections.Generic.List`1<syncomp.AstNode>)
FNDA:3,System.ValueTuple`2<System.Int32,syncomp.AstNode> syncomp.ReturnPath::Eval(System.Int32,System.Collections.Generic.List`1<syncomp.SyntaxToken>,System.Collections.Generic.List`1<syncomp.AstNode>)
DA:14,3
DA:15,3
DA:17,3
DA:18,3
DA:19,3
DA:20,3
DA:21,3
DA:23,0
DA:24,0
DA:25,0
DA:26,3
DA:27,3
BRDA:17,25,0,3
BRDA:17,25,1,0
LF:13
LH:10
BRF:2
BRH:1
FNF:2
FNH:2
end_of_record
SF:/home/jpfeiffer/Source/Synacor/cs/syncomp/src/Parser/Paths/SubtractionPath.cs
FN:8,syncomp.SyntaxTokenType syncomp.SubtractionPath::get_Match()
FNDA:192,syncomp.SyntaxTokenType syncomp.SubtractionPath::get_Match()
DA:9,192
FN:13,System.ValueTuple`2<System.Int32,syncomp.AstNode> syncomp.SubtractionPath::Eval(System.Int32,System.Collections.Generic.List`1<syncomp.SyntaxToken>,System.Collections.Generic.List`1<syncomp.AstNode>)
FNDA:4,System.ValueTuple`2<System.Int32,syncomp.AstNode> syncomp.SubtractionPath::Eval(System.Int32,System.Collections.Generic.List`1<syncomp.SyntaxToken>,System.Collections.Generic.List`1<syncomp.AstNode>)
DA:14,4
DA:15,4
DA:16,4
DA:17,4
DA:18,4
LF:6
LH:6
BRF:0
BRH:0
FNF:2
FNH:2
end_of_record
SF:/home/jpfeiffer/Source/Synacor/cs/syncomp/src/Parser/Paths/VariableAssignmentPath.cs
FN:8,syncomp.SyntaxTokenType syncomp.VariableAssignmentPath::get_Match()
FNDA:192,syncomp.SyntaxTokenType syncomp.VariableAssignmentPath::get_Match()
DA:9,192
FN:13,System.ValueTuple`2<System.Int32,syncomp.AstNode> syncomp.VariableAssignmentPath::Eval(System.Int32,System.Collections.Generic.List`1<syncomp.SyntaxToken>,System.Collections.Generic.List`1<syncomp.AstNode>)
FNDA:10,System.ValueTuple`2<System.Int32,syncomp.AstNode> syncomp.VariableAssignmentPath::Eval(System.Int32,System.Collections.Generic.List`1<syncomp.SyntaxToken>,System.Collections.Generic.List`1<syncomp.AstNode>)
DA:14,10
DA:15,10
DA:16,10
DA:17,10
DA:18,10
DA:19,10
DA:20,10
DA:21,10
LF:9
LH:9
BRF:0
BRH:0
FNF:2
FNH:2
end_of_record
SF:/home/jpfeiffer/Source/Synacor/cs/syncomp/src/Parser/Paths/VariableDeclarationPath.cs
FN:8,syncomp.SyntaxTokenType syncomp.VariableDeclarationPath::get_Match()
FNDA:192,syncomp.SyntaxTokenType syncomp.VariableDeclarationPath::get_Match()
DA:9,192
FN:13,System.ValueTuple`2<System.Int32,syncomp.AstNode> syncomp.VariableDeclarationPath::Eval(System.Int32,System.Collections.Generic.List`1<syncomp.SyntaxToken>,System.Collections.Generic.List`1<syncomp.AstNode>)
FNDA:20,System.ValueTuple`2<System.Int32,syncomp.AstNode> syncomp.VariableDeclarationPath::Eval(System.Int32,System.Collections.Generic.List`1<syncomp.SyntaxToken>,System.Collections.Generic.List`1<syncomp.AstNode>)
DA:14,20
DA:15,20
DA:17,20
DA:18,20
LF:5
LH:5
BRF:0
BRH:0
FNF:2
FNH:2
end_of_record
SF:/home/jpfeiffer/Source/Synacor/cs/syncomp/src/Parser/Paths/WhilePath.cs
FN:8,syncomp.SyntaxTokenType syncomp.WhilePath::get_Match()
FNDA:192,syncomp.SyntaxTokenType syncomp.WhilePath::get_Match()
DA:9,192
FN:13,System.ValueTuple`2<System.Int32,syncomp.AstNode> syncomp.WhilePath::Eval(System.Int32,System.Collections.Generic.List`1<syncomp.SyntaxToken>,System.Collections.Generic.List`1<syncomp.AstNode>)
FNDA:0,System.ValueTuple`2<System.Int32,syncomp.AstNode> syncomp.WhilePath::Eval(System.Int32,System.Collections.Generic.List`1<syncomp.SyntaxToken>,System.Collections.Generic.List`1<syncomp.AstNode>)
DA:14,0
DA:15,0
DA:16,0
DA:17,0
DA:18,0
DA:19,0
DA:20,0
DA:21,0
DA:22,0
DA:23,0
DA:24,0
DA:25,0
DA:26,0
DA:27,0
DA:28,0
DA:29,0
DA:30,0
DA:31,0
DA:33,0
DA:34,0
DA:35,0
DA:36,0
LF:23
LH:1
BRF:0
BRH:0
FNF:2
FNH:1
end_of_record
SF:/home/jpfeiffer/Source/Synacor/cs/syncomp/src/Preprocessor/Preprocessor.cs
FN:24,System.String syncomp.Preprocessor::Preprocess()
FNDA:0,System.String syncomp.Preprocessor::Preprocess()
DA:25,0
DA:28,0
DA:29,0
DA:30,0
DA:31,0
DA:32,0
DA:33,0
DA:34,0
DA:35,0
DA:36,0
DA:38,0
DA:39,0
BRDA:28,127,1,0
BRDA:28,127,0,0
FN:41,System.String syncomp.Preprocessor::GetCode(System.String)
FNDA:0,System.String syncomp.Preprocessor::GetCode(System.String)
DA:42,0
DA:48,0
DA:49,0
DA:50,0
DA:51,0
DA:53,0
DA:54,0
DA:55,0
DA:56,0
DA:57,0
DA:58,0
DA:59,0
DA:60,0
DA:61,0
DA:62,0
DA:63,0
DA:64,0
DA:65,0
DA:66,0
DA:68,0
DA:69,0
DA:70,0
DA:71,0
DA:73,0
DA:74,0
DA:75,0
DA:76,0
BRDA:53,25,0,0
BRDA:55,93,1,0
BRDA:61,72,0,0
BRDA:61,72,1,0
BRDA:55,93,0,0
BRDA:53,25,1,0
FN:77,System.String syncomp.Preprocessor::get_Code()
FNDA:0,System.String syncomp.Preprocessor::get_Code()
DA:78,0
FN:78,System.String syncomp.Preprocessor::get_WorkingDirectory()
FNDA:0,System.String syncomp.Preprocessor::get_WorkingDirectory()
DA:79,0
FN:79,System.Collections.Generic.List`1<System.String> syncomp.Preprocessor::get_IncludeLocations()
FNDA:0,System.Collections.Generic.List`1<System.String> syncomp.Preprocessor::get_IncludeLocations()
DA:80,0
FN:8,System.Void syncomp.Preprocessor::.ctor(System.String,System.String,System.Collections.Generic.List`1<System.String>)
FNDA:0,System.Void syncomp.Preprocessor::.ctor(System.String,System.String,System.Collections.Generic.List`1<System.String>)
DA:9,0
DA:10,0
DA:11,0
DA:12,0
DA:13,0
DA:14,0
DA:15,0
DA:16,0
DA:17,0
DA:18,0
FN:20,System.Void syncomp.Preprocessor::.ctor(System.String,System.String)
FNDA:0,System.Void syncomp.Preprocessor::.ctor(System.String,System.String)
DA:21,0
DA:22,0
LF:54
LH:0
BRF:8
BRH:0
FNF:7
FNH:0
end_of_record
SF:/home/jpfeiffer/Source/Synacor/cs/syncomp/src/Program.cs
FN:12,System.Void syncomp.Program::Main(System.String[])
FNDA:0,System.Void syncomp.Program::Main(System.String[])
DA:13,0
DA:14,0
DA:15,0
DA:16,0
DA:17,0
DA:18,0
DA:19,0
DA:20,0
DA:21,0
DA:22,0
DA:23,0
DA:24,0
DA:25,0
DA:26,0
DA:27,0
DA:28,0
DA:29,0
DA:31,0
DA:35,0
DA:36,0
DA:37,0
DA:40,0
DA:42,0
DA:43,0
DA:45,0
DA:46,0
DA:47,0
DA:50,0
DA:51,0
DA:52,0
DA:53,0
DA:54,0
DA:55,0
DA:57,0
DA:58,0
DA:60,0
DA:61,0
DA:63,0
DA:65,0
DA:66,0
DA:67,0
DA:68,0
DA:69,0
DA:70,0
BRDA:14,10,0,0
BRDA:14,10,1,0
BRDA:19,40,0,0
BRDA:19,40,1,0
BRDA:19,62,0,0
BRDA:19,62,1,0
BRDA:26,109,0,0
BRDA:26,109,1,0
BRDA:36,153,0,0
BRDA:36,153,1,0
BRDA:57,241,0,0
BRDA:57,241,1,0
FN:75,System.Collections.Generic.List`1<System.String> syncomp.Program::CompileCode(System.String,System.String,System.Collections.Generic.List`1<System.String>)
FNDA:0,System.Collections.Generic.List`1<System.String> syncomp.Program::CompileCode(System.String,System.String,System.Collections.Generic.List`1<System.String>)
DA:76,0
DA:78,0
DA:79,0
DA:81,0
DA:82,0
DA:84,0
DA:85,0
DA:86,0
DA:87,0
DA:88,0
DA:89,0
DA:90,0
DA:91,0
DA:92,0
DA:93,0
DA:95,0
DA:97,0
DA:98,0
DA:99,0
DA:100,0
DA:101,0
DA:102,0
DA:103,0
DA:104,0
DA:105,0
DA:106,0
DA:107,0
DA:108,0
DA:110,0
DA:111,0
DA:112,0
FN:115,System.Void syncomp.Program::DisplayParseErrorContext(syncomp.ParseException,System.Collections.Generic.List`1<System.String>)
FNDA:0,System.Void syncomp.Program::DisplayParseErrorContext(syncomp.ParseException,System.Collections.Generic.List`1<System.String>)
DA:116,0
DA:117,0
DA:118,0
DA:119,0
DA:120,0
DA:121,0
DA:122,0
DA:123,0
DA:124,0
DA:125,0
DA:126,0
DA:127,0
DA:128,0
DA:129,0
DA:130,0
DA:131,0
DA:132,0
DA:133,0
DA:134,0
DA:135,0
DA:136,0
DA:137,0
DA:138,0
DA:139,0
DA:140,0
DA:141,0
BRDA:119,34,0,0
BRDA:119,34,1,0
BRDA:120,69,0,0
BRDA:120,69,1,0
BRDA:128,184,1,0
BRDA:128,184,0,0
BRDA:132,188,0,0
BRDA:132,188,1,0
BRDA:135,242,0,0
BRDA:137,259,0,0
BRDA:137,259,1,0
BRDA:135,242,1,0
FN:143,System.Void syncomp.Program::PrintUsage()
FNDA:0,System.Void syncomp.Program::PrintUsage()
DA:144,0
DA:145,0
DA:146,0
DA:147,0
DA:148,0
DA:149,0
DA:150,0
DA:151,0
LF:109
LH:0
BRF:24
BRH:0
FNF:4
FNH:0
end_of_record
SF:/home/jpfeiffer/Source/Synacor/cs/syncomp/src/Transformer/Context.cs
FN:4,System.Void syncomp.Context::.ctor()
FNDA:59,System.Void syncomp.Context::.ctor()
DA:5,59
DA:6,59
DA:7,59
DA:8,59
DA:9,59
DA:10,59
DA:11,59
LF:7
LH:7
BRF:0
BRH:0
FNF:1
FNH:1
end_of_record
SF:/home/jpfeiffer/Source/Synacor/cs/syncomp/src/Transformer/Emitters/AdditionEmitter.cs
FN:7,System.Type syncomp.AdditionEmitter::get_Match()
FNDA:100,System.Type syncomp.AdditionEmitter::get_Match()
DA:8,100
FN:10,System.Collections.Generic.List`1<System.String> syncomp.AdditionEmitter::Transform(T,syncomp.Context)
FNDA:2,System.Collections.Generic.List`1<System.String> syncomp.AdditionEmitter::Transform(T,syncomp.Context)
DA:11,2
DA:12,2
DA:13,2
DA:14,2
DA:15,2
DA:16,2
DA:17,2
DA:19,2
DA:21,2
DA:22,2
LF:11
LH:11
BRF:0
BRH:0
FNF:2
FNH:2
end_of_record
SF:/home/jpfeiffer/Source/Synacor/cs/syncomp/src/Transformer/Emitters/AddressOfEmitter.cs
FN:7,System.Type syncomp.AddressOfEmitter::get_Match()
FNDA:100,System.Type syncomp.AddressOfEmitter::get_Match()
DA:8,100
FN:10,System.Collections.Generic.List`1<System.String> syncomp.AddressOfEmitter::Transform(T,syncomp.Context)
FNDA:1,System.Collections.Generic.List`1<System.String> syncomp.AddressOfEmitter::Transform(T,syncomp.Context)
DA:11,1
DA:12,1
DA:13,1
DA:14,1
DA:15,1
DA:17,1
DA:18,1
LF:8
LH:8
BRF:0
BRH:0
FNF:2
FNH:2
end_of_record
SF:/home/jpfeiffer/Source/Synacor/cs/syncomp/src/Transformer/Emitters/AndEmitter.cs
FN:7,System.Type syncomp.AndEmitter::get_Match()
FNDA:100,System.Type syncomp.AndEmitter::get_Match()
DA:8,100
FN:10,System.Collections.Generic.List`1<System.String> syncomp.AndEmitter::Transform(T,syncomp.Context)
FNDA:2,System.Collections.Generic.List`1<System.String> syncomp.AndEmitter::Transform(T,syncomp.Context)
DA:11,2
DA:12,2
DA:13,2
DA:14,2
DA:15,2
DA:16,2
DA:17,2
DA:18,2
DA:20,2
DA:21,2
LF:11
LH:11
BRF:0
BRH:0
FNF:2
FNH:2
end_of_record
SF:/home/jpfeiffer/Source/Synacor/cs/syncomp/src/Transformer/Emitters/BreakpointEmitter.cs
FN:7,System.Type syncomp.BreakpointEmitter::get_Match()
FNDA:100,System.Type syncomp.BreakpointEmitter::get_Match()
DA:8,100
FN:10,System.Collections.Generic.List`1<System.String> syncomp.BreakpointEmitter::Transform(T,syncomp.Context)
FNDA:0,System.Collections.Generic.List`1<System.String> syncomp.BreakpointEmitter::Transform(T,syncomp.Context)
DA:11,0
DA:12,0
DA:13,0
DA:14,0
DA:15,0
LF:6
LH:1
BRF:0
BRH:0
FNF:2
FNH:1
end_of_record
SF:/home/jpfeiffer/Source/Synacor/cs/syncomp/src/Transformer/Emitters/DecrEmitter.cs
FN:7,System.Type syncomp.DecrEmitter::get_Match()
FNDA:100,System.Type syncomp.DecrEmitter::get_Match()
DA:8,100
FN:10,System.Collections.Generic.List`1<System.String> syncomp.DecrEmitter::Transform(T,syncomp.Context)
FNDA:3,System.Collections.Generic.List`1<System.String> syncomp.DecrEmitter::Transform(T,syncomp.Context)
DA:11,3
DA:12,3
DA:13,3
DA:15,3
DA:16,3
DA:17,3
DA:18,3
DA:20,3
DA:21,3
LF:10
LH:10
BRF:0
BRH:0
FNF:2
FNH:2
end_of_record
SF:/home/jpfeiffer/Source/Synacor/cs/syncomp/src/Transformer/Emitters/DerefEmitter.cs
FN:7,System.Type syncomp.DerefEmitter::get_Match()
FNDA:100,System.Type syncomp.DerefEmitter::get_Match()
DA:8,100
FN:10,System.Collections.Generic.List`1<System.String> syncomp.DerefEmitter::Transform(T,syncomp.Context)
FNDA:1,System.Collections.Generic.List`1<System.String> syncomp.DerefEmitter::Transform(T,syncomp.Context)
DA:11,1
DA:12,1
DA:13,1
DA:14,1
DA:15,1
DA:17,1
DA:18,1
LF:8
LH:8
BRF:0
BRH:0
FNF:2
FNH:2
end_of_record
SF:/home/jpfeiffer/Source/Synacor/cs/syncomp/src/Transformer/Emitters/DivisionEmitter.cs
FN:7,System.Type syncomp.DivisionEmitter::get_Match()
FNDA:100,System.Type syncomp.DivisionEmitter::get_Match()
DA:8,100
FN:10,System.Collections.Generic.List`1<System.String> syncomp.DivisionEmitter::Transform(T,syncomp.Context)
FNDA:2,System.Collections.Generic.List`1<System.String> syncomp.DivisionEmitter::Transform(T,syncomp.Context)
DA:11,2
DA:12,2
DA:13,2
DA:15,2
DA:16,2
DA:17,2
DA:18,2
DA:20,2
DA:22,2
DA:23,2
LF:11
LH:11
BRF:0
BRH:0
FNF:2
FNH:2
end_of_record
SF:/home/jpfeiffer/Source/Synacor/cs/syncomp/src/Transformer/Emitters/EqualEmitter.cs
FN:7,System.Type syncomp.EqualEmitter::get_Match()
FNDA:100,System.Type syncomp.EqualEmitter::get_Match()
DA:8,100
FN:10,System.Collections.Generic.List`1<System.String> syncomp.EqualEmitter::Transform(T,syncomp.Context)
FNDA:2,System.Collections.Generic.List`1<System.String> syncomp.EqualEmitter::Transform(T,syncomp.Context)
DA:11,2
DA:12,2
DA:13,2
DA:15,2
DA:16,2
DA:17,2
DA:18,2
DA:19,2
DA:21,2
DA:22,2
LF:11
LH:11
BRF:0
BRH:0
FNF:2
FNH:2
end_of_record
SF:/home/jpfeiffer/Source/Synacor/cs/syncomp/src/Transformer/Emitters/ForEmitter.cs
FN:7,System.Type syncomp.ForEmitter::get_Match()
FNDA:100,System.Type syncomp.ForEmitter::get_Match()
DA:8,100
FN:10,System.Collections.Generic.List`1<System.String> syncomp.ForEmitter::Transform(T,syncomp.Context)
FNDA:4,System.Collections.Generic.List`1<System.String> syncomp.ForEmitter::Transform(T,syncomp.Context)
DA:11,4
DA:12,4
DA:13,4
DA:14,4
DA:16,4
DA:17,4
DA:18,4
DA:19,4
DA:21,4
DA:22,4
DA:24,4
DA:25,4
DA:27,4
DA:28,4
LF:15
LH:15
BRF:0
BRH:0
FNF:2
FNH:2
end_of_record
SF:/home/jpfeiffer/Source/Synacor/cs/syncomp/src/Transformer/Emitters/FunctionCallEmitter.cs
FN:7,System.Type syncomp.FunctionCallEmitter::get_Match()
FNDA:100,System.Type syncomp.FunctionCallEmitter::get_Match()
DA:8,100
FN:10,System.Collections.Generic.List`1<System.String> syncomp.FunctionCallEmitter::Transform(T,syncomp.Context)
FNDA:4,System.Collections.Generic.List`1<System.String> syncomp.FunctionCallEmitter::Transform(T,syncomp.Context)
DA:11,4
DA:12,4
DA:13,4
DA:14,4
DA:15,18
DA:16,3
DA:17,3
DA:18,3
DA:19,3
DA:20,4
DA:23,4
DA:24,3
DA:25,3
DA:26,3
DA:27,1
DA:28,0
DA:29,0
DA:30,0
DA:31,1
DA:32,0
DA:33,0
DA:34,0
DA:35,1
DA:36,0
DA:37,0
DA:38,0
DA:39,0
DA:40,1
DA:41,0
DA:42,0
DA:43,0
DA:44,1
DA:45,0
DA:46,0
DA:47,0
DA:49,1
DA:50,1
DA:51,1
DA:52,0
DA:53,0
DA:56,0
DA:57,0
DA:59,0
DA:61,1
DA:62,1
DA:63,1
DA:64,1
DA:66,4
DA:67,4
BRDA:15,105,1,3
BRDA:15,105,0,4
BRDA:23,151,0,3
BRDA:23,151,1,1
BRDA:27,192,0,0
BRDA:27,192,1,1
BRDA:31,233,0,0
BRDA:31,233,1,1
BRDA:35,274,0,0
BRDA:35,274,1,1
BRDA:40,339,0,0
BRDA:40,339,1,1
BRDA:44,380,0,0
BRDA:44,380,1,1
BRDA:51,427,0,0
BRDA:51,427,1,1
LF:50
LH:29
BRF:16
BRH:10
FNF:2
FNH:2
end_of_record
SF:/home/jpfeiffer/Source/Synacor/cs/syncomp/src/Transformer/Emitters/FunctionDeclarationEmitter.cs
FN:7,System.Type syncomp.FunctionDeclarationEmitter::get_Match()
FNDA:100,System.Type syncomp.FunctionDeclarationEmitter::get_Match()
DA:8,100
FN:10,System.Collections.Generic.List`1<System.String> syncomp.FunctionDeclarationEmitter::Transform(T,syncomp.Context)
FNDA:3,System.Collections.Generic.List`1<System.String> syncomp.FunctionDeclarationEmitter::Transform(T,syncomp.Context)
DA:11,3
DA:12,3
DA:13,3
DA:14,3
DA:15,3
DA:16,3
DA:17,3
DA:18,3
DA:19,3
DA:20,12
DA:21,3
DA:22,3
DA:23,3
DA:24,3
DA:25,3
DA:26,3
DA:27,3
DA:28,3
DA:30,3
DA:31,3
DA:32,3
DA:33,3
BRDA:14,26,0,0
BRDA:14,26,1,3
BRDA:15,47,0,0
BRDA:15,47,1,3
BRDA:20,236,1,3
BRDA:20,236,0,3
LF:23
LH:23
BRF:6
BRH:4
FNF:2
FNH:2
end_of_record
SF:/home/jpfeiffer/Source/Synacor/cs/syncomp/src/Transformer/Emitters/GreaterThanEmitter.cs
FN:7,System.Type syncomp.GreaterThanEmitter::get_Match()
FNDA:100,System.Type syncomp.GreaterThanEmitter::get_Match()
DA:8,100
FN:10,System.Collections.Generic.List`1<System.String> syncomp.GreaterThanEmitter::Transform(T,syncomp.Context)
FNDA:1,System.Collections.Generic.List`1<System.String> syncomp.GreaterThanEmitter::Transform(T,syncomp.Context)
DA:11,1
DA:12,1
DA:13,1
DA:15,1
DA:16,1
DA:17,1
DA:18,1
DA:19,1
DA:21,1
DA:22,1
LF:11
LH:11
BRF:0
BRH:0
FNF:2
FNH:2
end_of_record
SF:/home/jpfeiffer/Source/Synacor/cs/syncomp/src/Transformer/Emitters/GreaterThanOrEqualEmitter.cs
FN:7,System.Type syncomp.GreaterThanOrEqualEmitter::get_Match()
FNDA:100,System.Type syncomp.GreaterThanOrEqualEmitter::get_Match()
DA:8,100
FN:10,System.Collections.Generic.List`1<System.String> syncomp.GreaterThanOrEqualEmitter::Transform(T,syncomp.Context)
FNDA:3,System.Collections.Generic.List`1<System.String> syncomp.GreaterThanOrEqualEmitter::Transform(T,syncomp.Context)
DA:11,3
DA:12,3
DA:13,3
DA:15,3
DA:16,3
DA:17,3
DA:18,3
DA:19,3
DA:20,3
DA:21,3
DA:23,3
DA:24,3
LF:13
LH:13
BRF:0
BRH:0
FNF:2
FNH:2
end_of_record
SF:/home/jpfeiffer/Source/Synacor/cs/syncomp/src/Transformer/Emitters/IdentifierEmitter.cs
FN:7,System.Type syncomp.IdentifierEmitter::get_Match()
FNDA:100,System.Type syncomp.IdentifierEmitter::get_Match()
DA:8,100
FN:10,System.Collections.Generic.List`1<System.String> syncomp.IdentifierEmitter::Transform(T,syncomp.Context)
FNDA:15,System.Collections.Generic.List`1<System.String> syncomp.IdentifierEmitter::Transform(T,syncomp.Context)
DA:11,15
DA:12,15
DA:13,15
DA:15,15
DA:17,15
DA:19,15
DA:20,15
LF:8
LH:8
BRF:0
BRH:0
FNF:2
FNH:2
end_of_record
SF:/home/jpfeiffer/Source/Synacor/cs/syncomp/src/Transformer/Emitters/IfEmitter.cs
FN:7,System.Type syncomp.IfEmitter::get_Match()
FNDA:100,System.Type syncomp.IfEmitter::get_Match()
DA:8,100
FN:10,System.Collections.Generic.List`1<System.String> syncomp.IfEmitter::Transform(T,syncomp.Context)
FNDA:2,System.Collections.Generic.List`1<System.String> syncomp.IfEmitter::Transform(T,syncomp.Context)
DA:11,2
DA:12,2
DA:13,2
DA:15,2
DA:17,2
DA:18,2
DA:19,2
DA:20,2
DA:22,2
DA:23,2
LF:11
LH:11
BRF:0
BRH:0
FNF:2
FNH:2
end_of_record
SF:/home/jpfeiffer/Source/Synacor/cs/syncomp/src/Transformer/Emitters/IncrEmitter.cs
FN:7,System.Type syncomp.IncrEmitter::get_Match()
FNDA:100,System.Type syncomp.IncrEmitter::get_Match()
DA:8,100
FN:10,System.Collections.Generic.List`1<System.String> syncomp.IncrEmitter::Transform(T,syncomp.Context)
FNDA:6,System.Collections.Generic.List`1<System.String> syncomp.IncrEmitter::Transform(T,syncomp.Context)
DA:11,6
DA:12,6
DA:13,6
DA:14,6
DA:15,6
DA:16,6
DA:18,6
DA:19,6
LF:9
LH:9
BRF:0
BRH:0
FNF:2
FNH:2
end_of_record
SF:/home/jpfeiffer/Source/Synacor/cs/syncomp/src/Transformer/Emitters/IntegerLiteralEmitter.cs
FN:7,System.Type syncomp.IntegerLiteralEmitter::get_Match()
FNDA:100,System.Type syncomp.IntegerLiteralEmitter::get_Match()
DA:8,100
FN:10,System.Collections.Generic.List`1<System.String> syncomp.IntegerLiteralEmitter::Transform(T,syncomp.Context)
FNDA:69,System.Collections.Generic.List`1<System.String> syncomp.IntegerLiteralEmitter::Transform(T,syncomp.Context)
DA:11,69
DA:12,69
DA:13,69
DA:15,69
DA:17,69
DA:18,69
LF:7
LH:7
BRF:0
BRH:0
FNF:2
FNH:2
end_of_record
SF:/home/jpfeiffer/Source/Synacor/cs/syncomp/src/Transformer/Emitters/LessThanEmitter.cs
FN:7,System.Type syncomp.LessThanEmitter::get_Match()
FNDA:100,System.Type syncomp.LessThanEmitter::get_Match()
DA:8,100
FN:10,System.Collections.Generic.List`1<System.String> syncomp.LessThanEmitter::Transform(T,syncomp.Context)
FNDA:8,System.Collections.Generic.List`1<System.String> syncomp.LessThanEmitter::Transform(T,syncomp.Context)
DA:11,8
DA:12,8
DA:13,8
DA:15,8
DA:16,8
DA:17,8
DA:18,8
DA:19,8
DA:20,8
DA:21,8
DA:22,8
DA:24,8
DA:25,8
LF:14
LH:14
BRF:0
BRH:0
FNF:2
FNH:2
end_of_record
SF:/home/jpfeiffer/Source/Synacor/cs/syncomp/src/Transformer/Emitters/LessThanOrEqualEmitter.cs
FN:7,System.Type syncomp.LessThanOrEqualEmitter::get_Match()
FNDA:100,System.Type syncomp.LessThanOrEqualEmitter::get_Match()
DA:8,100
FN:10,System.Collections.Generic.List`1<System.String> syncomp.LessThanOrEqualEmitter::Transform(T,syncomp.Context)
FNDA:2,System.Collections.Generic.List`1<System.String> syncomp.LessThanOrEqualEmitter::Transform(T,syncomp.Context)
DA:11,2
DA:12,2
DA:13,2
DA:15,2
DA:16,2
DA:17,2
DA:18,2
DA:19,2
DA:21,2
DA:23,2
DA:24,2
LF:12
LH:12
BRF:0
BRH:0
FNF:2
FNH:2
end_of_record
SF:/home/jpfeiffer/Source/Synacor/cs/syncomp/src/Transformer/Emitters/ModEmitter.cs
FN:7,System.Type syncomp.ModEmitter::get_Match()
FNDA:100,System.Type syncomp.ModEmitter::get_Match()
DA:8,100
FN:10,System.Collections.Generic.List`1<System.String> syncomp.ModEmitter::Transform(T,syncomp.Context)
FNDA:1,System.Collections.Generic.List`1<System.String> syncomp.ModEmitter::Transform(T,syncomp.Context)
DA:11,1
DA:12,1
DA:13,1
DA:15,1
DA:16,1
DA:17,1
DA:18,1
DA:20,1
DA:22,1
DA:23,1
LF:11
LH:11
BRF:0
BRH:0
FNF:2
FNH:2
end_of_record
SF:/home/jpfeiffer/Source/Synacor/cs/syncomp/src/Transformer/Emitters/MultiplicationEmitter.cs
FN:7,System.Type syncomp.MultiplicationEmitter::get_Match()
FNDA:100,System.Type syncomp.MultiplicationEmitter::get_Match()
DA:8,100
FN:10,System.Collections.Generic.List`1<System.String> syncomp.MultiplicationEmitter::Transform(T,syncomp.Context)
FNDA:1,System.Collections.Generic.List`1<System.String> syncomp.MultiplicationEmitter::Transform(T,syncomp.Context)
DA:11,1
DA:12,1
DA:13,1
DA:15,1
DA:16,1
DA:17,1
DA:18,1
DA:20,1
DA:22,1
DA:23,1
LF:11
LH:11
BRF:0
BRH:0
FNF:2
FNH:2
end_of_record
SF:/home/jpfeiffer/Source/Synacor/cs/syncomp/src/Transformer/Emitters/NotEmitter.cs
FN:7,System.Type syncomp.NotEmitter::get_Match()
FNDA:100,System.Type syncomp.NotEmitter::get_Match()
DA:8,100
FN:10,System.Collections.Generic.List`1<System.String> syncomp.NotEmitter::Transform(T,syncomp.Context)
FNDA:1,System.Collections.Generic.List`1<System.String> syncomp.NotEmitter::Transform(T,syncomp.Context)
DA:11,1
DA:12,1
DA:13,1
DA:14,1
DA:15,1
DA:17,1
DA:18,1
LF:8
LH:8
BRF:0
BRH:0
FNF:2
FNH:2
end_of_record
SF:/home/jpfeiffer/Source/Synacor/cs/syncomp/src/Transformer/Emitters/OrEmitter.cs
FN:7,System.Type syncomp.OrEmitter::get_Match()
FNDA:100,System.Type syncomp.OrEmitter::get_Match()
DA:8,100
FN:10,System.Collections.Generic.List`1<System.String> syncomp.OrEmitter::Transform(T,syncomp.Context)
FNDA:1,System.Collections.Generic.List`1<System.String> syncomp.OrEmitter::Transform(T,syncomp.Context)
DA:11,1
DA:12,1
DA:13,1
DA:14,1
DA:15,1
DA:16,1
DA:17,1
DA:18,1
DA:20,1
DA:21,1
LF:11
LH:11
BRF:0
BRH:0
FNF:2
FNH:2
end_of_record
SF:/home/jpfeiffer/Source/Synacor/cs/syncomp/src/Transformer/Emitters/ParenGroupEmitter.cs
FN:7,System.Type syncomp.ParenGroupEmitter::get_Match()
FNDA:100,System.Type syncomp.ParenGroupEmitter::get_Match()
DA:8,100
FN:10,System.Collections.Generic.List`1<System.String> syncomp.ParenGroupEmitter::Transform(T,syncomp.Context)
FNDA:1,System.Collections.Generic.List`1<System.String> syncomp.ParenGroupEmitter::Transform(T,syncomp.Context)
DA:11,1
DA:12,1
DA:13,1
DA:14,1
DA:16,1
DA:17,1
LF:7
LH:7
BRF:0
BRH:0
FNF:2
FNH:2
end_of_record
SF:/home/jpfeiffer/Source/Synacor/cs/syncomp/src/Transformer/Emitters/ReturnEmitter.cs
FN:7,System.Type syncomp.ReturnEmitter::get_Match()
FNDA:100,System.Type syncomp.ReturnEmitter::get_Match()
DA:8,100
FN:10,System.Collections.Generic.List`1<System.String> syncomp.ReturnEmitter::Transform(T,syncomp.Context)
FNDA:2,System.Collections.Generic.List`1<System.String> syncomp.ReturnEmitter::Transform(T,syncomp.Context)
DA:11,2
DA:14,2
DA:15,2
DA:16,2
DA:17,2
DA:18,2
DA:19,2
DA:20,2
DA:21,2
DA:22,2
DA:24,2
DA:25,2
BRDA:16,30,0,2
BRDA:16,30,1,2
LF:13
LH:13
BRF:2
BRH:2
FNF:2
FNH:2
end_of_record
SF:/home/jpfeiffer/Source/Synacor/cs/syncomp/src/Transformer/Emitters/StringLiteralEmitter.cs
FN:9,System.Type syncomp.StringLiteralEmitter::get_Match()
FNDA:100,System.Type syncomp.StringLiteralEmitter::get_Match()
DA:10,100
FN:12,System.Collections.Generic.List`1<System.String> syncomp.StringLiteralEmitter::Transform(T,syncomp.Context)
FNDA:6,System.Collections.Generic.List`1<System.String> syncomp.StringLiteralEmitter::Transform(T,syncomp.Context)
DA:13,6
DA:14,6
DA:15,6
DA:16,6
DA:17,6
DA:18,6
DA:19,6
DA:20,6
DA:21,6
DA:22,6
DA:23,48
DA:24,18
DA:25,18
DA:26,18
DA:27,0
DA:28,0
DA:29,0
DA:32,0
DA:33,0
DA:35,0
DA:36,0
DA:38,0
DA:39,18
DA:40,18
DA:41,0
DA:42,0
DA:43,0
DA:45,18
DA:46,18
DA:47,18
DA:48,18
DA:49,6
DA:50,6
DA:51,6
DA:52,0
DA:53,0
DA:54,0
DA:55,0
DA:56,0
DA:58,6
DA:59,6
DA:60,6
DA:61,6
DA:62,6
DA:64,6
DA:65,6
BRDA:16,35,0,6
BRDA:23,331,1,18
BRDA:26,149,0,0
BRDA:29,180,0,0
BRDA:29,180,1,0
BRDA:29,188,1,0
BRDA:29,188,0,0
BRDA:26,149,1,18
BRDA:40,249,0,0
BRDA:40,249,1,18
BRDA:23,331,0,6
BRDA:51,390,0,0
BRDA:51,390,1,6
BRDA:16,35,1,6
LF:47
LH:31
BRF:14
BRH:7
FNF:2
FNH:2
end_of_record
SF:/home/jpfeiffer/Source/Synacor/cs/syncomp/src/Transformer/Emitters/SubtractionEmitter.cs
FN:7,System.Type syncomp.SubtractionEmitter::get_Match()
FNDA:100,System.Type syncomp.SubtractionEmitter::get_Match()
DA:8,100
FN:10,System.Collections.Generic.List`1<System.String> syncomp.SubtractionEmitter::Transform(T,syncomp.Context)
FNDA:1,System.Collections.Generic.List`1<System.String> syncomp.SubtractionEmitter::Transform(T,syncomp.Context)
DA:11,1
DA:12,1
DA:13,1
DA:15,1
DA:16,1
DA:17,1
DA:18,1
DA:20,1
DA:22,1
DA:23,1
LF:11
LH:11
BRF:0
BRH:0
FNF:2
FNH:2
end_of_record
SF:/home/jpfeiffer/Source/Synacor/cs/syncomp/src/Transformer/Emitters/VariableAssignmentEmitter.cs
FN:7,System.Type syncomp.VariableAssignmentEmitter::get_Match()
FNDA:100,System.Type syncomp.VariableAssignmentEmitter::get_Match()
DA:8,100
FN:10,System.Collections.Generic.List`1<System.String> syncomp.VariableAssignmentEmitter::Transform(T,syncomp.Context)
FNDA:1,System.Collections.Generic.List`1<System.String> syncomp.VariableAssignmentEmitter::Transform(T,syncomp.Context)
DA:11,1
DA:12,1
DA:13,1
DA:14,1
DA:16,1
DA:17,1
DA:18,1
DA:19,1
DA:20,0
DA:21,0
DA:22,0
DA:23,0
DA:24,0
DA:26,1
DA:27,1
DA:29,1
DA:30,1
BRDA:16,49,0,1
BRDA:16,49,1,0
BRDA:20,113,0,0
BRDA:20,113,1,1
LF:18
LH:13
BRF:4
BRH:2
FNF:2
FNH:2
end_of_record
SF:/home/jpfeiffer/Source/Synacor/cs/syncomp/src/Transformer/Emitters/VariableDeclarationEmitter.cs
FN:7,System.Type syncomp.VariableDeclarationEmitter::get_Match()
FNDA:100,System.Type syncomp.VariableDeclarationEmitter::get_Match()
DA:8,100
FN:10,System.Collections.Generic.List`1<System.String> syncomp.VariableDeclarationEmitter::Transform(T,syncomp.Context)
FNDA:10,System.Collections.Generic.List`1<System.String> syncomp.VariableDeclarationEmitter::Transform(T,syncomp.Context)
DA:11,10
DA:12,10
DA:13,10
DA:14,10
DA:15,10
DA:16,10
DA:17,10
DA:19,10
DA:20,10
DA:21,10
DA:22,10
DA:23,10
DA:25,10
DA:26,10
LF:15
LH:15
BRF:0
BRH:0
FNF:2
FNH:2
end_of_record
SF:/home/jpfeiffer/Source/Synacor/cs/syncomp/src/Transformer/Emitters/WhileEmitter.cs
FN:7,System.Type syncomp.WhileEmitter::get_Match()
FNDA:100,System.Type syncomp.WhileEmitter::get_Match()
DA:8,100
FN:10,System.Collections.Generic.List`1<System.String> syncomp.WhileEmitter::Transform(T,syncomp.Context)
FNDA:4,System.Collections.Generic.List`1<System.String> syncomp.WhileEmitter::Transform(T,syncomp.Context)
DA:11,4
DA:12,4
DA:13,4
DA:14,4
DA:17,4
DA:19,4
DA:20,4
DA:22,4
DA:24,4
DA:25,4
DA:27,4
DA:28,4
LF:13
LH:13
BRF:0
BRH:0
FNF:2
FNH:2
end_of_record
SF:/home/jpfeiffer/Source/Synacor/cs/syncomp/src/Transformer/Transformer.cs
FN:27,System.Collections.Generic.List`1<System.String> syncomp.Transformer::TransformFullAst()
FNDA:0,System.Collections.Generic.List`1<System.String> syncomp.Transformer::TransformFullAst()
DA:28,0
DA:29,0
DA:32,0
DA:33,0
DA:34,0
DA:35,0
DA:36,0
DA:37,0
DA:38,0
DA:39,0
FN:41,System.Collections.Generic.List`1<System.String> syncomp.Transformer::Transform()
FNDA:104,System.Collections.Generic.List`1<System.String> syncomp.Transformer::Transform()
DA:42,104
DA:43,104
DA:45,512
DA:46,100
DA:47,100
DA:48,3100
DA:49,100
DA:50,500
DA:51,100
DA:52,100
DA:53,100
DA:54,100
DA:56,104
DA:57,104
BRDA:45,152,1,100
BRDA:50,125,1,100
BRDA:50,125,0,100
BRDA:45,152,0,104
FN:59,System.String syncomp.Transformer::GetUID()
FNDA:0,System.String syncomp.Transformer::GetUID()
DA:60,0
DA:61,0
DA:62,0
FN:64,System.Collections.Generic.List`1<System.String> syncomp.Transformer::EnsureDivisionSupport(syncomp.Context,System.Collections.Generic.List`1<System.String>)
FNDA:0,System.Collections.Generic.List`1<System.String> syncomp.Transformer::EnsureDivisionSupport(syncomp.Context,System.Collections.Generic.List`1<System.String>)
DA:65,0
DA:66,0
DA:67,0
DA:68,0
DA:69,0
DA:70,0
DA:71,0
DA:72,0
DA:73,0
DA:74,0
DA:75,0
DA:76,0
DA:77,0
DA:78,0
DA:79,0
DA:80,0
DA:81,0
DA:82,0
DA:83,0
DA:84,0
DA:85,0
DA:86,0
DA:87,0
DA:88,0
DA:89,0
DA:90,0
DA:91,0
DA:92,0
DA:93,0
DA:94,0
BRDA:67,22,0,0
BRDA:70,52,0,0
BRDA:70,52,1,0
BRDA:67,22,1,0
FN:96,System.Collections.Generic.List`1<System.String> syncomp.Transformer::EnsureSubtractSupport(syncomp.Context,System.Collections.Generic.List`1<System.String>)
FNDA:0,System.Collections.Generic.List`1<System.String> syncomp.Transformer::EnsureSubtractSupport(syncomp.Context,System.Collections.Generic.List`1<System.String>)
DA:97,0
DA:98,0
DA:99,0
DA:100,0
DA:101,0
DA:102,0
DA:103,0
DA:104,0
DA:105,0
DA:106,0
DA:107,0
DA:108,0
DA:109,0
DA:110,0
DA:111,0
DA:112,0
DA:113,0
DA:114,0
DA:115,0
BRDA:98,12,0,0
BRDA:101,42,0,0
BRDA:101,42,1,0
BRDA:98,12,1,0
FN:117,System.Collections.Generic.List`1<System.String> syncomp.Transformer::EnsureNotSupport(syncomp.Context,System.Collections.Generic.List`1<System.String>)
FNDA:0,System.Collections.Generic.List`1<System.String> syncomp.Transformer::EnsureNotSupport(syncomp.Context,System.Collections.Generic.List`1<System.String>)
DA:118,0
DA:119,0
DA:120,0
DA:121,0
DA:122,0
DA:123,0
DA:124,0
DA:125,0
DA:126,0
DA:127,0
DA:128,0
DA:129,0
DA:130,0
DA:131,0
DA:132,0
DA:133,0
DA:134,0
DA:135,0
DA:136,0
DA:137,0
DA:138,0
DA:139,0
BRDA:119,12,0,0
BRDA:122,45,0,0
BRDA:122,45,1,0
BRDA:119,12,1,0
FN:141,System.Collections.Generic.List`1<System.String> syncomp.Transformer::EnsureAndSupport(syncomp.Context,System.Collections.Generic.List`1<System.String>)
FNDA:0,System.Collections.Generic.List`1<System.String> syncomp.Transformer::EnsureAndSupport(syncomp.Context,System.Collections.Generic.List`1<System.String>)
DA:142,0
DA:143,0
DA:144,0
DA:145,0
DA:146,0
DA:147,0
DA:148,0
DA:149,0
DA:150,0
DA:151,0
DA:152,0
DA:153,0
DA:154,0
DA:155,0
DA:156,0
DA:157,0
DA:158,0
DA:159,0
DA:160,0
DA:161,0
DA:162,0
DA:163,0
DA:164,0
BRDA:143,12,0,0
BRDA:146,45,0,0
BRDA:146,45,1,0
BRDA:143,12,1,0
FN:166,System.Collections.Generic.List`1<System.String> syncomp.Transformer::EnsureOrSupport(syncomp.Context,System.Collections.Generic.List`1<System.String>)
FNDA:0,System.Collections.Generic.List`1<System.String> syncomp.Transformer::EnsureOrSupport(syncomp.Context,System.Collections.Generic.List`1<System.String>)
DA:167,0
DA:168,0
DA:169,0
DA:170,0
DA:171,0
DA:172,0
DA:173,0
DA:174,0
DA:175,0
DA:176,0
DA:177,0
DA:178,0
DA:179,0
DA:180,0
DA:181,0
DA:182,0
DA:183,0
DA:184,0
DA:185,0
DA:186,0
DA:187,0
DA:188,0
DA:189,0
BRDA:168,12,0,0
BRDA:171,45,0,0
BRDA:171,45,1,0
BRDA:168,12,1,0
FN:20,System.Void syncomp.Transformer::.ctor(System.Collections.Generic.List`1<syncomp.AstNode>,syncomp.Context)
FNDA:104,System.Void syncomp.Transformer::.ctor(System.Collections.Generic.List`1<syncomp.AstNode>,syncomp.Context)
DA:21,104
DA:22,104
DA:23,104
DA:24,104
DA:25,104
BRDA:24,18,0,0
BRDA:24,18,1,104
FN:8,System.Void syncomp.Transformer::.cctor()
FNDA:1,System.Void syncomp.Transformer::.cctor()
DA:9,1
DA:10,1
DA:11,70
DA:12,2
DA:13,119
DA:14,118
DA:15,31
DA:16,1
LF:157
LH:27
BRF:26
BRH:5
FNF:10
FNH:3
end_of_record
SF:/home/jpfeiffer/Source/Synacor/cs/syncomp/src/Transformer/TransformerHelpers.cs
FN:7,System.String syncomp.TransformerHelpers::GetUID()
FNDA:26,System.String syncomp.TransformerHelpers::GetUID()
DA:8,26
DA:9,26
DA:10,26
LF:3
LH:3
BRF:0
BRH:0
FNF:1
FNH:1
end_of_record
SF:/home/jpfeiffer/Source/Synacor/cs/syncomp/src/Transformer/Variable.cs
FN:4,System.String syncomp.Variable::get_Name()
FNDA:48,System.String syncomp.Variable::get_Name()
DA:5,48
FN:5,System.String syncomp.Variable::get_MemoryAddress()
FNDA:48,System.String syncomp.Variable::get_MemoryAddress()
DA:6,48
LF:2
LH:2
BRF:0
BRH:0
FNF:2
FNH:2
end_of_record
SF:/home/jpfeiffer/Source/Synacor/cs/syncomp/src/Transformer/VariableStack.cs
FN:13,System.Void syncomp.VariableStack::Push()
FNDA:63,System.Void syncomp.VariableStack::Push()
DA:14,63
DA:15,63
DA:16,63
FN:17,System.Void syncomp.VariableStack::Pop()
FNDA:3,System.Void syncomp.VariableStack::Pop()
DA:18,3
FN:19,System.Void syncomp.VariableStack::Add(syncomp.Variable)
FNDA:19,System.Void syncomp.VariableStack::Add(syncomp.Variable)
DA:20,19
DA:21,19
DA:22,19
FN:23,syncomp.Variable syncomp.VariableStack::Get(System.String)
FNDA:30,syncomp.Variable syncomp.VariableStack::Get(System.String)
DA:24,30
DA:25,151
DA:26,59
DA:27,59
DA:28,29
DA:30,1
DA:31,1
DA:32,30
BRDA:25,102,1,30
BRDA:26,46,0,30
BRDA:26,46,1,30
BRDA:27,86,0,29
BRDA:27,86,1,1
BRDA:25,102,0,1
FN:7,System.Void syncomp.VariableStack::.ctor()
FNDA:60,System.Void syncomp.VariableStack::.ctor()
DA:8,60
DA:10,120
DA:11,60
DA:12,60
LF:19
LH:19
BRF:6
BRH:6
FNF:5
FNH:5
end_of_record